This file contains any messages produced by compilers while
running configure, to aid debugging if configure makes a mistake.

It was created by fastNLO_toolkit configure 2.3.1, which was
generated by GNU Autoconf 2.69.  Invocation command line was

  $ ./configure --prefix=/home/zlebcr/prog/fastProducer/fastnloBuild --disable-doxygen-doc --with-lhapdf=/cvmfs/sft.cern.ch/lcg/views/LCG_94/x86_64-slc6-gcc7-opt CXXFLAGS= -O3 -g -fopenmp 

## --------- ##
## Platform. ##
## --------- ##

hostname = max-display001.desy.de
uname -m = x86_64
uname -r = 3.10.0-957.10.1.el7.x86_64
uname -s = Linux
uname -v = #1 SMP Mon Mar 18 15:06:45 UTC 2019

/usr/bin/uname -p = x86_64
/bin/uname -X     = unknown

/bin/arch              = x86_64
/usr/bin/arch -k       = unknown
/usr/convex/getsysinfo = unknown
/usr/bin/hostinfo      = unknown
/bin/machine           = unknown
/usr/bin/oslevel       = unknown
/bin/universe          = unknown

PATH: /cvmfs/sft.cern.ch/lcg/views/LCG_94/x86_64-slc6-gcc7-opt/bin
PATH: /cvmfs/sft.cern.ch/lcg/releases/gcc/7.3.0-cb1ee/x86_64-slc6/bin
PATH: /cvmfs/sft.cern.ch/lcg/releases/binutils/2.28-a983d/x86_64-slc6/bin
PATH: /cvmfs/sft.cern.ch/lcg/views/LCG_94/x86_64-slc6-gcc7-opt/bin
PATH: /cvmfs/sft.cern.ch/lcg/releases/gcc/7.3.0-cb1ee/x86_64-slc6/bin
PATH: /cvmfs/sft.cern.ch/lcg/releases/binutils/2.28-a983d/x86_64-slc6/bin
PATH: /usr/sge/bin
PATH: /usr/sge/bin/lx-amd64
PATH: /usr/lpp/mmfs/bin
PATH: /usr/local/bin
PATH: /usr/bin
PATH: /home/zlebcr/bin
PATH: /usr/local/sbin
PATH: /usr/sbin
PATH: /opt/puppetlabs/bin


## ----------- ##
## Core tests. ##
## ----------- ##

configure:2817: checking whether make supports nested variables
configure:2834: result: yes
configure:2892: checking for a BSD-compatible install
configure:2960: result: /usr/bin/install -c
configure:2971: checking whether build environment is sane
configure:3026: result: yes
configure:3177: checking for a thread-safe mkdir -p
configure:3216: result: /usr/bin/mkdir -p
configure:3223: checking for gawk
configure:3239: found /usr/bin/gawk
configure:3250: result: gawk
configure:3261: checking whether make sets $(MAKE)
configure:3283: result: yes
configure:3379: checking whether UID '17545' is supported by ustar format
configure:3382: result: yes
configure:3389: checking whether GID '3118' is supported by ustar format
configure:3392: result: yes
configure:3400: checking how to create a ustar tar archive
configure:3411: tar --version
tar (GNU tar) 1.26
Copyright (C) 2011 Free Software Foundation, Inc.
License GPLv3+: GNU GPL version 3 or later <http://gnu.org/licenses/gpl.html>.
This is free software: you are free to change and redistribute it.
There is NO WARRANTY, to the extent permitted by law.

Written by John Gilmore and Jay Fenlason.
configure:3414: $? = 0
configure:3454: tardir=conftest.dir && eval tar --format=ustar -chf - "$tardir" >conftest.tar
configure:3457: $? = 0
configure:3461: tar -xf - <conftest.tar
configure:3464: $? = 0
configure:3466: cat conftest.dir/file
GrepMe
configure:3469: $? = 0
configure:3482: result: gnutar
configure:3509: checking for gawk
configure:3536: result: gawk
configure:3659: checking for C++ compiler version
configure:3668: /cvmfs/sft.cern.ch/lcg/releases/gcc/7.3.0-cb1ee/x86_64-slc6/bin/g++ --version >&5
g++ (GCC) 7.3.0
Copyright (C) 2017 Free Software Foundation, Inc.
This is free software; see the source for copying conditions.  There is NO
warranty; not even for MERCHANTABILITY or FITNESS FOR A PARTICULAR PURPOSE.

configure:3679: $? = 0
configure:3668: /cvmfs/sft.cern.ch/lcg/releases/gcc/7.3.0-cb1ee/x86_64-slc6/bin/g++ -v >&5
Using built-in specs.
COLLECT_GCC=/cvmfs/sft.cern.ch/lcg/releases/gcc/7.3.0-cb1ee/x86_64-slc6/bin/g++
COLLECT_LTO_WRAPPER=/cvmfs/sft.cern.ch/lcg/releases/gcc/7.3.0-cb1ee/x86_64-slc6/bin/../libexec/gcc/x86_64-pc-linux-gnu/7.3.0/lto-wrapper
Target: x86_64-pc-linux-gnu
Configured with: /build/gcc/build/contrib/gcc-7.3.0/src/gcc/7.3.0/configure --prefix=/build/gcc/lcgcmake-install/gcc/7.3.0/x86_64-slc6 -with-system-zlib --disable-multilib --enable-languages=all --with-gnu-ld --with-ld=/build/gcc/lcgcmake-install/binutils/2.28/x86_64-slc6/bin/ld --with-gnu-as --with-as=/build/gcc/lcgcmake-install/binutils/2.28/x86_64-slc6/bin/as
Thread model: posix
gcc version 7.3.0 (GCC) 
configure:3679: $? = 0
configure:3668: /cvmfs/sft.cern.ch/lcg/releases/gcc/7.3.0-cb1ee/x86_64-slc6/bin/g++ -V >&5
g++: error: unrecognized command line option '-V'
g++: fatal error: no input files
compilation terminated.
configure:3679: $? = 1
configure:3668: /cvmfs/sft.cern.ch/lcg/releases/gcc/7.3.0-cb1ee/x86_64-slc6/bin/g++ -qversion >&5
g++: error: unrecognized command line option '-qversion'; did you mean '--version'?
g++: fatal error: no input files
compilation terminated.
configure:3679: $? = 1
configure:3699: checking whether the C++ compiler works
configure:3721: /cvmfs/sft.cern.ch/lcg/releases/gcc/7.3.0-cb1ee/x86_64-slc6/bin/g++  -O3 -g -fopenmp    conftest.cpp  >&5
configure:3725: $? = 0
configure:3773: result: yes
configure:3776: checking for C++ compiler default output file name
configure:3778: result: a.out
configure:3784: checking for suffix of executables
configure:3791: /cvmfs/sft.cern.ch/lcg/releases/gcc/7.3.0-cb1ee/x86_64-slc6/bin/g++ -o conftest  -O3 -g -fopenmp    conftest.cpp  >&5
configure:3795: $? = 0
configure:3817: result: 
configure:3839: checking whether we are cross compiling
configure:3847: /cvmfs/sft.cern.ch/lcg/releases/gcc/7.3.0-cb1ee/x86_64-slc6/bin/g++ -o conftest  -O3 -g -fopenmp    conftest.cpp  >&5
configure:3851: $? = 0
configure:3858: ./conftest
configure:3862: $? = 0
configure:3877: result: no
configure:3882: checking for suffix of object files
configure:3904: /cvmfs/sft.cern.ch/lcg/releases/gcc/7.3.0-cb1ee/x86_64-slc6/bin/g++ -c  -O3 -g -fopenmp   conftest.cpp >&5
configure:3908: $? = 0
configure:3929: result: o
configure:3933: checking whether we are using the GNU C++ compiler
configure:3952: /cvmfs/sft.cern.ch/lcg/releases/gcc/7.3.0-cb1ee/x86_64-slc6/bin/g++ -c  -O3 -g -fopenmp   conftest.cpp >&5
configure:3952: $? = 0
configure:3961: result: yes
configure:3970: checking whether /cvmfs/sft.cern.ch/lcg/releases/gcc/7.3.0-cb1ee/x86_64-slc6/bin/g++ accepts -g
configure:3990: /cvmfs/sft.cern.ch/lcg/releases/gcc/7.3.0-cb1ee/x86_64-slc6/bin/g++ -c -g  conftest.cpp >&5
configure:3990: $? = 0
configure:4031: result: yes
configure:4065: checking for style of include used by make
configure:4093: result: GNU
configure:4119: checking dependency style of /cvmfs/sft.cern.ch/lcg/releases/gcc/7.3.0-cb1ee/x86_64-slc6/bin/g++
configure:4230: result: gcc3
configure:4293: checking for gcc
configure:4320: result: /cvmfs/sft.cern.ch/lcg/releases/gcc/7.3.0-cb1ee/x86_64-slc6/bin/gcc
configure:4549: checking for C compiler version
configure:4558: /cvmfs/sft.cern.ch/lcg/releases/gcc/7.3.0-cb1ee/x86_64-slc6/bin/gcc --version >&5
gcc (GCC) 7.3.0
Copyright (C) 2017 Free Software Foundation, Inc.
This is free software; see the source for copying conditions.  There is NO
warranty; not even for MERCHANTABILITY or FITNESS FOR A PARTICULAR PURPOSE.

configure:4569: $? = 0
configure:4558: /cvmfs/sft.cern.ch/lcg/releases/gcc/7.3.0-cb1ee/x86_64-slc6/bin/gcc -v >&5
Using built-in specs.
COLLECT_GCC=/cvmfs/sft.cern.ch/lcg/releases/gcc/7.3.0-cb1ee/x86_64-slc6/bin/gcc
COLLECT_LTO_WRAPPER=/cvmfs/sft.cern.ch/lcg/releases/gcc/7.3.0-cb1ee/x86_64-slc6/bin/../libexec/gcc/x86_64-pc-linux-gnu/7.3.0/lto-wrapper
Target: x86_64-pc-linux-gnu
Configured with: /build/gcc/build/contrib/gcc-7.3.0/src/gcc/7.3.0/configure --prefix=/build/gcc/lcgcmake-install/gcc/7.3.0/x86_64-slc6 -with-system-zlib --disable-multilib --enable-languages=all --with-gnu-ld --with-ld=/build/gcc/lcgcmake-install/binutils/2.28/x86_64-slc6/bin/ld --with-gnu-as --with-as=/build/gcc/lcgcmake-install/binutils/2.28/x86_64-slc6/bin/as
Thread model: posix
gcc version 7.3.0 (GCC) 
configure:4569: $? = 0
configure:4558: /cvmfs/sft.cern.ch/lcg/releases/gcc/7.3.0-cb1ee/x86_64-slc6/bin/gcc -V >&5
gcc: error: unrecognized command line option '-V'
gcc: fatal error: no input files
compilation terminated.
configure:4569: $? = 1
configure:4558: /cvmfs/sft.cern.ch/lcg/releases/gcc/7.3.0-cb1ee/x86_64-slc6/bin/gcc -qversion >&5
gcc: error: unrecognized command line option '-qversion'; did you mean '--version'?
gcc: fatal error: no input files
compilation terminated.
configure:4569: $? = 1
configure:4573: checking whether we are using the GNU C compiler
configure:4592: /cvmfs/sft.cern.ch/lcg/releases/gcc/7.3.0-cb1ee/x86_64-slc6/bin/gcc -c   conftest.c >&5
configure:4592: $? = 0
configure:4601: result: yes
configure:4610: checking whether /cvmfs/sft.cern.ch/lcg/releases/gcc/7.3.0-cb1ee/x86_64-slc6/bin/gcc accepts -g
configure:4630: /cvmfs/sft.cern.ch/lcg/releases/gcc/7.3.0-cb1ee/x86_64-slc6/bin/gcc -c -g  conftest.c >&5
configure:4630: $? = 0
configure:4671: result: yes
configure:4688: checking for /cvmfs/sft.cern.ch/lcg/releases/gcc/7.3.0-cb1ee/x86_64-slc6/bin/gcc option to accept ISO C89
configure:4751: /cvmfs/sft.cern.ch/lcg/releases/gcc/7.3.0-cb1ee/x86_64-slc6/bin/gcc  -c -g -O2  conftest.c >&5
configure:4751: $? = 0
configure:4764: result: none needed
configure:4786: checking dependency style of /cvmfs/sft.cern.ch/lcg/releases/gcc/7.3.0-cb1ee/x86_64-slc6/bin/gcc
configure:4897: result: gcc3
configure:4917: checking how to run the C preprocessor
configure:4948: /cvmfs/sft.cern.ch/lcg/releases/gcc/7.3.0-cb1ee/x86_64-slc6/bin/gcc -E  conftest.c
configure:4948: $? = 0
configure:4962: /cvmfs/sft.cern.ch/lcg/releases/gcc/7.3.0-cb1ee/x86_64-slc6/bin/gcc -E  conftest.c
conftest.c:11:10: fatal error: ac_nonexistent.h: No such file or directory
 #include <ac_nonexistent.h>
          ^~~~~~~~~~~~~~~~~~
compilation terminated.
configure:4962: $? = 1
configure: failed program was:
| /* confdefs.h */
| #define PACKAGE_NAME "fastNLO_toolkit"
| #define PACKAGE_TARNAME "fastnlo_toolkit"
| #define PACKAGE_VERSION "2.3.1"
| #define PACKAGE_STRING "fastNLO_toolkit 2.3.1"
| #define PACKAGE_BUGREPORT "daniel.britzger@desy.de,klaus.rabbertz@cern.ch,g.sieber@cern.ch,stober@cern.ch,wobisch@fnal.gov"
| #define PACKAGE_URL ""
| #define PACKAGE "fastnlo_toolkit"
| #define VERSION "2.3.1"
| /* end confdefs.h.  */
| #include <ac_nonexistent.h>
configure:4987: result: /cvmfs/sft.cern.ch/lcg/releases/gcc/7.3.0-cb1ee/x86_64-slc6/bin/gcc -E
configure:5007: /cvmfs/sft.cern.ch/lcg/releases/gcc/7.3.0-cb1ee/x86_64-slc6/bin/gcc -E  conftest.c
configure:5007: $? = 0
configure:5021: /cvmfs/sft.cern.ch/lcg/releases/gcc/7.3.0-cb1ee/x86_64-slc6/bin/gcc -E  conftest.c
conftest.c:11:10: fatal error: ac_nonexistent.h: No such file or directory
 #include <ac_nonexistent.h>
          ^~~~~~~~~~~~~~~~~~
compilation terminated.
configure:5021: $? = 1
configure: failed program was:
| /* confdefs.h */
| #define PACKAGE_NAME "fastNLO_toolkit"
| #define PACKAGE_TARNAME "fastnlo_toolkit"
| #define PACKAGE_VERSION "2.3.1"
| #define PACKAGE_STRING "fastNLO_toolkit 2.3.1"
| #define PACKAGE_BUGREPORT "daniel.britzger@desy.de,klaus.rabbertz@cern.ch,g.sieber@cern.ch,stober@cern.ch,wobisch@fnal.gov"
| #define PACKAGE_URL ""
| #define PACKAGE "fastnlo_toolkit"
| #define VERSION "2.3.1"
| /* end confdefs.h.  */
| #include <ac_nonexistent.h>
configure:5102: checking for gfortran
configure:5118: found /cvmfs/sft.cern.ch/lcg/releases/gcc/7.3.0-cb1ee/x86_64-slc6/bin/gfortran
configure:5129: result: gfortran
configure:5155: checking for Fortran 77 compiler version
configure:5164: gfortran --version >&5
GNU Fortran (GCC) 7.3.0
Copyright (C) 2017 Free Software Foundation, Inc.
This is free software; see the source for copying conditions.  There is NO
warranty; not even for MERCHANTABILITY or FITNESS FOR A PARTICULAR PURPOSE.

configure:5175: $? = 0
configure:5164: gfortran -v >&5
Using built-in specs.
COLLECT_GCC=gfortran
COLLECT_LTO_WRAPPER=/cvmfs/sft.cern.ch/lcg/releases/gcc/7.3.0-cb1ee/x86_64-slc6/bin/../libexec/gcc/x86_64-pc-linux-gnu/7.3.0/lto-wrapper
Target: x86_64-pc-linux-gnu
Configured with: /build/gcc/build/contrib/gcc-7.3.0/src/gcc/7.3.0/configure --prefix=/build/gcc/lcgcmake-install/gcc/7.3.0/x86_64-slc6 -with-system-zlib --disable-multilib --enable-languages=all --with-gnu-ld --with-ld=/build/gcc/lcgcmake-install/binutils/2.28/x86_64-slc6/bin/ld --with-gnu-as --with-as=/build/gcc/lcgcmake-install/binutils/2.28/x86_64-slc6/bin/as
Thread model: posix
gcc version 7.3.0 (GCC) 
configure:5175: $? = 0
configure:5164: gfortran -V >&5
gfortran: error: unrecognized command line option '-V'
gfortran: fatal error: no input files
compilation terminated.
configure:5175: $? = 1
configure:5164: gfortran -qversion >&5
gfortran: error: unrecognized command line option '-qversion'; did you mean '--version'?
gfortran: fatal error: no input files
compilation terminated.
configure:5175: $? = 1
configure:5184: checking whether we are using the GNU Fortran 77 compiler
configure:5197: gfortran -c  conftest.F >&5
configure:5197: $? = 0
configure:5206: result: yes
configure:5212: checking whether gfortran accepts -g
configure:5223: gfortran -c -g conftest.f >&5
configure:5223: $? = 0
configure:5231: result: yes
configure:5366: checking for Fortran compiler version
configure:5375: /cvmfs/sft.cern.ch/lcg/releases/gcc/7.3.0-cb1ee/x86_64-slc6/bin/gfortran --version >&5
GNU Fortran (GCC) 7.3.0
Copyright (C) 2017 Free Software Foundation, Inc.
This is free software; see the source for copying conditions.  There is NO
warranty; not even for MERCHANTABILITY or FITNESS FOR A PARTICULAR PURPOSE.

configure:5386: $? = 0
configure:5375: /cvmfs/sft.cern.ch/lcg/releases/gcc/7.3.0-cb1ee/x86_64-slc6/bin/gfortran -v >&5
Using built-in specs.
COLLECT_GCC=/cvmfs/sft.cern.ch/lcg/releases/gcc/7.3.0-cb1ee/x86_64-slc6/bin/gfortran
COLLECT_LTO_WRAPPER=/cvmfs/sft.cern.ch/lcg/releases/gcc/7.3.0-cb1ee/x86_64-slc6/bin/../libexec/gcc/x86_64-pc-linux-gnu/7.3.0/lto-wrapper
Target: x86_64-pc-linux-gnu
Configured with: /build/gcc/build/contrib/gcc-7.3.0/src/gcc/7.3.0/configure --prefix=/build/gcc/lcgcmake-install/gcc/7.3.0/x86_64-slc6 -with-system-zlib --disable-multilib --enable-languages=all --with-gnu-ld --with-ld=/build/gcc/lcgcmake-install/binutils/2.28/x86_64-slc6/bin/ld --with-gnu-as --with-as=/build/gcc/lcgcmake-install/binutils/2.28/x86_64-slc6/bin/as
Thread model: posix
gcc version 7.3.0 (GCC) 
configure:5386: $? = 0
configure:5375: /cvmfs/sft.cern.ch/lcg/releases/gcc/7.3.0-cb1ee/x86_64-slc6/bin/gfortran -V >&5
gfortran: error: unrecognized command line option '-V'
gfortran: fatal error: no input files
compilation terminated.
configure:5386: $? = 1
configure:5375: /cvmfs/sft.cern.ch/lcg/releases/gcc/7.3.0-cb1ee/x86_64-slc6/bin/gfortran -qversion >&5
gfortran: error: unrecognized command line option '-qversion'; did you mean '--version'?
gfortran: fatal error: no input files
compilation terminated.
configure:5386: $? = 1
configure:5395: checking whether we are using the GNU Fortran compiler
configure:5408: /cvmfs/sft.cern.ch/lcg/releases/gcc/7.3.0-cb1ee/x86_64-slc6/bin/gfortran -c   conftest.F >&5
configure:5408: $? = 0
configure:5417: result: yes
configure:5423: checking whether /cvmfs/sft.cern.ch/lcg/releases/gcc/7.3.0-cb1ee/x86_64-slc6/bin/gfortran accepts -g
configure:5434: /cvmfs/sft.cern.ch/lcg/releases/gcc/7.3.0-cb1ee/x86_64-slc6/bin/gfortran -c -g  conftest.f >&5
configure:5434: $? = 0
configure:5442: result: yes
configure:5510: checking build system type
configure:5524: result: x86_64-unknown-linux-gnu
configure:5544: checking host system type
configure:5557: result: x86_64-unknown-linux-gnu
configure:5598: checking how to print strings
configure:5625: result: printf
configure:5646: checking for a sed that does not truncate output
configure:5710: result: /usr/bin/sed
configure:5728: checking for grep that handles long lines and -e
configure:5786: result: /usr/bin/grep
configure:5791: checking for egrep
configure:5853: result: /usr/bin/grep -E
configure:5858: checking for fgrep
configure:5920: result: /usr/bin/grep -F
configure:5955: checking for ld used by /cvmfs/sft.cern.ch/lcg/releases/gcc/7.3.0-cb1ee/x86_64-slc6/bin/gcc
configure:6022: result: /cvmfs/sft.cern.ch/lcg/releases/binutils/2.28-a983d/x86_64-slc6/bin/ld
configure:6029: checking if the linker (/cvmfs/sft.cern.ch/lcg/releases/binutils/2.28-a983d/x86_64-slc6/bin/ld) is GNU ld
configure:6044: result: yes
configure:6056: checking for BSD- or MS-compatible name lister (nm)
configure:6105: result: /cvmfs/sft.cern.ch/lcg/releases/binutils/2.28-a983d/x86_64-slc6/bin/nm -B
configure:6235: checking the name lister (/cvmfs/sft.cern.ch/lcg/releases/binutils/2.28-a983d/x86_64-slc6/bin/nm -B) interface
configure:6242: /cvmfs/sft.cern.ch/lcg/releases/gcc/7.3.0-cb1ee/x86_64-slc6/bin/gcc -c -g -O2  conftest.c >&5
configure:6245: /cvmfs/sft.cern.ch/lcg/releases/binutils/2.28-a983d/x86_64-slc6/bin/nm -B "conftest.o"
configure:6248: output
0000000000000000 B some_variable
configure:6255: result: BSD nm
configure:6258: checking whether ln -s works
configure:6262: result: yes
configure:6270: checking the maximum length of command line arguments
configure:6400: result: 3458764513820540925
configure:6417: checking whether the shell understands some XSI constructs
configure:6427: result: yes
configure:6431: checking whether the shell understands "+="
configure:6437: result: yes
configure:6472: checking how to convert x86_64-unknown-linux-gnu file names to x86_64-unknown-linux-gnu format
configure:6512: result: func_convert_file_noop
configure:6519: checking how to convert x86_64-unknown-linux-gnu file names to toolchain format
configure:6539: result: func_convert_file_noop
configure:6546: checking for /cvmfs/sft.cern.ch/lcg/releases/binutils/2.28-a983d/x86_64-slc6/bin/ld option to reload object files
configure:6553: result: -r
configure:6627: checking for objdump
configure:6643: found /cvmfs/sft.cern.ch/lcg/releases/binutils/2.28-a983d/x86_64-slc6/bin/objdump
configure:6654: result: objdump
configure:6686: checking how to recognize dependent libraries
configure:6888: result: pass_all
configure:6973: checking for dlltool
configure:7003: result: no
configure:7033: checking how to associate runtime and link libraries
configure:7060: result: printf %s\n
configure:7121: checking for ar
configure:7137: found /cvmfs/sft.cern.ch/lcg/releases/binutils/2.28-a983d/x86_64-slc6/bin/ar
configure:7148: result: ar
configure:7185: checking for archiver @FILE support
configure:7202: /cvmfs/sft.cern.ch/lcg/releases/gcc/7.3.0-cb1ee/x86_64-slc6/bin/gcc -c -g -O2  conftest.c >&5
configure:7202: $? = 0
configure:7205: ar cru libconftest.a @conftest.lst >&5
configure:7208: $? = 0
configure:7213: ar cru libconftest.a @conftest.lst >&5
ar: conftest.o: No such file or directory
configure:7216: $? = 1
configure:7228: result: @
configure:7286: checking for strip
configure:7302: found /cvmfs/sft.cern.ch/lcg/releases/binutils/2.28-a983d/x86_64-slc6/bin/strip
configure:7313: result: strip
configure:7385: checking for ranlib
configure:7401: found /cvmfs/sft.cern.ch/lcg/releases/binutils/2.28-a983d/x86_64-slc6/bin/ranlib
configure:7412: result: ranlib
configure:7514: checking command to parse /cvmfs/sft.cern.ch/lcg/releases/binutils/2.28-a983d/x86_64-slc6/bin/nm -B output from /cvmfs/sft.cern.ch/lcg/releases/gcc/7.3.0-cb1ee/x86_64-slc6/bin/gcc object
configure:7634: /cvmfs/sft.cern.ch/lcg/releases/gcc/7.3.0-cb1ee/x86_64-slc6/bin/gcc -c -g -O2  conftest.c >&5
configure:7637: $? = 0
configure:7641: /cvmfs/sft.cern.ch/lcg/releases/binutils/2.28-a983d/x86_64-slc6/bin/nm -B conftest.o \| sed -n -e 's/^.*[ ]\([ABCDGIRSTW][ABCDGIRSTW]*\)[ ][ ]*\([_A-Za-z][_A-Za-z0-9]*\)$/\1 \2 \2/p' | sed '/ __gnu_lto/d' \> conftest.nm
configure:7644: $? = 0
configure:7710: /cvmfs/sft.cern.ch/lcg/releases/gcc/7.3.0-cb1ee/x86_64-slc6/bin/gcc -o conftest -g -O2   conftest.c conftstm.o >&5
configure:7713: $? = 0
configure:7751: result: ok
configure:7788: checking for sysroot
configure:7818: result: no
configure:7895: /cvmfs/sft.cern.ch/lcg/releases/gcc/7.3.0-cb1ee/x86_64-slc6/bin/gcc -c -g -O2  conftest.c >&5
configure:7898: $? = 0
configure:8074: checking for mt
configure:8104: result: no
configure:8124: checking if : is a manifest tool
configure:8130: : '-?'
configure:8138: result: no
configure:8776: checking for ANSI C header files
configure:8796: /cvmfs/sft.cern.ch/lcg/releases/gcc/7.3.0-cb1ee/x86_64-slc6/bin/gcc -c -g -O2  conftest.c >&5
configure:8796: $? = 0
configure:8869: /cvmfs/sft.cern.ch/lcg/releases/gcc/7.3.0-cb1ee/x86_64-slc6/bin/gcc -o conftest -g -O2   conftest.c  >&5
configure:8869: $? = 0
configure:8869: ./conftest
configure:8869: $? = 0
configure:8880: result: yes
configure:8893: checking for sys/types.h
configure:8893: /cvmfs/sft.cern.ch/lcg/releases/gcc/7.3.0-cb1ee/x86_64-slc6/bin/gcc -c -g -O2  conftest.c >&5
configure:8893: $? = 0
configure:8893: result: yes
configure:8893: checking for sys/stat.h
configure:8893: /cvmfs/sft.cern.ch/lcg/releases/gcc/7.3.0-cb1ee/x86_64-slc6/bin/gcc -c -g -O2  conftest.c >&5
configure:8893: $? = 0
configure:8893: result: yes
configure:8893: checking for stdlib.h
configure:8893: /cvmfs/sft.cern.ch/lcg/releases/gcc/7.3.0-cb1ee/x86_64-slc6/bin/gcc -c -g -O2  conftest.c >&5
configure:8893: $? = 0
configure:8893: result: yes
configure:8893: checking for string.h
configure:8893: /cvmfs/sft.cern.ch/lcg/releases/gcc/7.3.0-cb1ee/x86_64-slc6/bin/gcc -c -g -O2  conftest.c >&5
configure:8893: $? = 0
configure:8893: result: yes
configure:8893: checking for memory.h
configure:8893: /cvmfs/sft.cern.ch/lcg/releases/gcc/7.3.0-cb1ee/x86_64-slc6/bin/gcc -c -g -O2  conftest.c >&5
configure:8893: $? = 0
configure:8893: result: yes
configure:8893: checking for strings.h
configure:8893: /cvmfs/sft.cern.ch/lcg/releases/gcc/7.3.0-cb1ee/x86_64-slc6/bin/gcc -c -g -O2  conftest.c >&5
configure:8893: $? = 0
configure:8893: result: yes
configure:8893: checking for inttypes.h
configure:8893: /cvmfs/sft.cern.ch/lcg/releases/gcc/7.3.0-cb1ee/x86_64-slc6/bin/gcc -c -g -O2  conftest.c >&5
configure:8893: $? = 0
configure:8893: result: yes
configure:8893: checking for stdint.h
configure:8893: /cvmfs/sft.cern.ch/lcg/releases/gcc/7.3.0-cb1ee/x86_64-slc6/bin/gcc -c -g -O2  conftest.c >&5
configure:8893: $? = 0
configure:8893: result: yes
configure:8893: checking for unistd.h
configure:8893: /cvmfs/sft.cern.ch/lcg/releases/gcc/7.3.0-cb1ee/x86_64-slc6/bin/gcc -c -g -O2  conftest.c >&5
configure:8893: $? = 0
configure:8893: result: yes
configure:8907: checking for dlfcn.h
configure:8907: /cvmfs/sft.cern.ch/lcg/releases/gcc/7.3.0-cb1ee/x86_64-slc6/bin/gcc -c -g -O2  conftest.c >&5
configure:8907: $? = 0
configure:8907: result: yes
configure:9124: checking for objdir
configure:9139: result: .libs
configure:9410: checking if /cvmfs/sft.cern.ch/lcg/releases/gcc/7.3.0-cb1ee/x86_64-slc6/bin/gcc supports -fno-rtti -fno-exceptions
configure:9428: /cvmfs/sft.cern.ch/lcg/releases/gcc/7.3.0-cb1ee/x86_64-slc6/bin/gcc -c -g -O2  -fno-rtti -fno-exceptions conftest.c >&5
cc1: warning: command line option '-fno-rtti' is valid for C++/ObjC++ but not for C
configure:9432: $? = 0
configure:9445: result: no
configure:9772: checking for /cvmfs/sft.cern.ch/lcg/releases/gcc/7.3.0-cb1ee/x86_64-slc6/bin/gcc option to produce PIC
configure:9779: result: -fPIC -DPIC
configure:9787: checking if /cvmfs/sft.cern.ch/lcg/releases/gcc/7.3.0-cb1ee/x86_64-slc6/bin/gcc PIC flag -fPIC -DPIC works
configure:9805: /cvmfs/sft.cern.ch/lcg/releases/gcc/7.3.0-cb1ee/x86_64-slc6/bin/gcc -c -g -O2  -fPIC -DPIC -DPIC conftest.c >&5
configure:9809: $? = 0
configure:9822: result: yes
configure:9851: checking if /cvmfs/sft.cern.ch/lcg/releases/gcc/7.3.0-cb1ee/x86_64-slc6/bin/gcc static flag -static works
configure:9879: result: no
configure:9894: checking if /cvmfs/sft.cern.ch/lcg/releases/gcc/7.3.0-cb1ee/x86_64-slc6/bin/gcc supports -c -o file.o
configure:9915: /cvmfs/sft.cern.ch/lcg/releases/gcc/7.3.0-cb1ee/x86_64-slc6/bin/gcc -c -g -O2  -o out/conftest2.o conftest.c >&5
configure:9919: $? = 0
configure:9941: result: yes
configure:9949: checking if /cvmfs/sft.cern.ch/lcg/releases/gcc/7.3.0-cb1ee/x86_64-slc6/bin/gcc supports -c -o file.o
configure:9996: result: yes
configure:10029: checking whether the /cvmfs/sft.cern.ch/lcg/releases/gcc/7.3.0-cb1ee/x86_64-slc6/bin/gcc linker (/cvmfs/sft.cern.ch/lcg/releases/binutils/2.28-a983d/x86_64-slc6/bin/ld -m elf_x86_64) supports shared libraries
configure:11182: result: yes
configure:11219: checking whether -lc should be explicitly linked in
configure:11227: /cvmfs/sft.cern.ch/lcg/releases/gcc/7.3.0-cb1ee/x86_64-slc6/bin/gcc -c -g -O2  conftest.c >&5
configure:11230: $? = 0
configure:11245: /cvmfs/sft.cern.ch/lcg/releases/gcc/7.3.0-cb1ee/x86_64-slc6/bin/gcc -shared  -fPIC -DPIC conftest.o  -v -Wl,-soname -Wl,conftest -o conftest 2\>\&1 \| /usr/bin/grep  -lc  \>/dev/null 2\>\&1
configure:11248: $? = 0
configure:11262: result: no
configure:11422: checking dynamic linker characteristics
configure:11933: /cvmfs/sft.cern.ch/lcg/releases/gcc/7.3.0-cb1ee/x86_64-slc6/bin/gcc -o conftest -g -O2   -Wl,-rpath -Wl,/foo conftest.c  >&5
configure:11933: $? = 0
configure:12159: result: GNU/Linux ld.so
configure:12266: checking how to hardcode library paths into programs
configure:12291: result: immediate
configure:12385: checking for shl_load
configure:12385: /cvmfs/sft.cern.ch/lcg/releases/gcc/7.3.0-cb1ee/x86_64-slc6/bin/gcc -o conftest -g -O2   conftest.c  >&5
/tmp/ccNoIWJk.o: In function `main':
/home/zlebcr/prog/fastProducer/fastnlo/conftest.c:57: undefined reference to `shl_load'
collect2: error: ld returned 1 exit status
configure:12385: $? = 1
configure: failed program was:
| /* confdefs.h */
| #define PACKAGE_NAME "fastNLO_toolkit"
| #define PACKAGE_TARNAME "fastnlo_toolkit"
| #define PACKAGE_VERSION "2.3.1"
| #define PACKAGE_STRING "fastNLO_toolkit 2.3.1"
| #define PACKAGE_BUGREPORT "daniel.britzger@desy.de,klaus.rabbertz@cern.ch,g.sieber@cern.ch,stober@cern.ch,wobisch@fnal.gov"
| #define PACKAGE_URL ""
| #define PACKAGE "fastnlo_toolkit"
| #define VERSION "2.3.1"
| #define STDC_HEADERS 1
| #define HAVE_SYS_TYPES_H 1
| #define HAVE_SYS_STAT_H 1
| #define HAVE_STDLIB_H 1
| #define HAVE_STRING_H 1
| #define HAVE_MEMORY_H 1
| #define HAVE_STRINGS_H 1
| #define HAVE_INTTYPES_H 1
| #define HAVE_STDINT_H 1
| #define HAVE_UNISTD_H 1
| #define HAVE_DLFCN_H 1
| #define LT_OBJDIR ".libs/"
| /* end confdefs.h.  */
| /* Define shl_load to an innocuous variant, in case <limits.h> declares shl_load.
|    For example, HP-UX 11i <limits.h> declares gettimeofday.  */
| #define shl_load innocuous_shl_load
| 
| /* System header to define __stub macros and hopefully few prototypes,
|     which can conflict with char shl_load (); below.
|     Prefer <limits.h> to <assert.h> if __STDC__ is defined, since
|     <limits.h> exists even on freestanding compilers.  */
| 
| #ifdef __STDC__
| # include <limits.h>
| #else
| # include <assert.h>
| #endif
| 
| #undef shl_load
| 
| /* Override any GCC internal prototype to avoid an error.
|    Use char because int might match the return type of a GCC
|    builtin and then its argument prototype would still apply.  */
| #ifdef __cplusplus
| extern "C"
| #endif
| char shl_load ();
| /* The GNU C library defines this for functions which it implements
|     to always fail with ENOSYS.  Some functions are actually named
|     something starting with __ and the normal name is an alias.  */
| #if defined __stub_shl_load || defined __stub___shl_load
| choke me
| #endif
| 
| int
| main ()
| {
| return shl_load ();
|   ;
|   return 0;
| }
configure:12385: result: no
configure:12389: checking for shl_load in -ldld
configure:12414: /cvmfs/sft.cern.ch/lcg/releases/gcc/7.3.0-cb1ee/x86_64-slc6/bin/gcc -o conftest -g -O2   conftest.c -ldld   >&5
/cvmfs/sft.cern.ch/lcg/releases/binutils/2.28-a983d/x86_64-slc6/bin/ld: cannot find -ldld
collect2: error: ld returned 1 exit status
configure:12414: $? = 1
configure: failed program was:
| /* confdefs.h */
| #define PACKAGE_NAME "fastNLO_toolkit"
| #define PACKAGE_TARNAME "fastnlo_toolkit"
| #define PACKAGE_VERSION "2.3.1"
| #define PACKAGE_STRING "fastNLO_toolkit 2.3.1"
| #define PACKAGE_BUGREPORT "daniel.britzger@desy.de,klaus.rabbertz@cern.ch,g.sieber@cern.ch,stober@cern.ch,wobisch@fnal.gov"
| #define PACKAGE_URL ""
| #define PACKAGE "fastnlo_toolkit"
| #define VERSION "2.3.1"
| #define STDC_HEADERS 1
| #define HAVE_SYS_TYPES_H 1
| #define HAVE_SYS_STAT_H 1
| #define HAVE_STDLIB_H 1
| #define HAVE_STRING_H 1
| #define HAVE_MEMORY_H 1
| #define HAVE_STRINGS_H 1
| #define HAVE_INTTYPES_H 1
| #define HAVE_STDINT_H 1
| #define HAVE_UNISTD_H 1
| #define HAVE_DLFCN_H 1
| #define LT_OBJDIR ".libs/"
| /* end confdefs.h.  */
| 
| /* Override any GCC internal prototype to avoid an error.
|    Use char because int might match the return type of a GCC
|    builtin and then its argument prototype would still apply.  */
| #ifdef __cplusplus
| extern "C"
| #endif
| char shl_load ();
| int
| main ()
| {
| return shl_load ();
|   ;
|   return 0;
| }
configure:12423: result: no
configure:12428: checking for dlopen
configure:12428: /cvmfs/sft.cern.ch/lcg/releases/gcc/7.3.0-cb1ee/x86_64-slc6/bin/gcc -o conftest -g -O2   conftest.c  >&5
/tmp/cc2RWV30.o: In function `main':
/home/zlebcr/prog/fastProducer/fastnlo/conftest.c:57: undefined reference to `dlopen'
collect2: error: ld returned 1 exit status
configure:12428: $? = 1
configure: failed program was:
| /* confdefs.h */
| #define PACKAGE_NAME "fastNLO_toolkit"
| #define PACKAGE_TARNAME "fastnlo_toolkit"
| #define PACKAGE_VERSION "2.3.1"
| #define PACKAGE_STRING "fastNLO_toolkit 2.3.1"
| #define PACKAGE_BUGREPORT "daniel.britzger@desy.de,klaus.rabbertz@cern.ch,g.sieber@cern.ch,stober@cern.ch,wobisch@fnal.gov"
| #define PACKAGE_URL ""
| #define PACKAGE "fastnlo_toolkit"
| #define VERSION "2.3.1"
| #define STDC_HEADERS 1
| #define HAVE_SYS_TYPES_H 1
| #define HAVE_SYS_STAT_H 1
| #define HAVE_STDLIB_H 1
| #define HAVE_STRING_H 1
| #define HAVE_MEMORY_H 1
| #define HAVE_STRINGS_H 1
| #define HAVE_INTTYPES_H 1
| #define HAVE_STDINT_H 1
| #define HAVE_UNISTD_H 1
| #define HAVE_DLFCN_H 1
| #define LT_OBJDIR ".libs/"
| /* end confdefs.h.  */
| /* Define dlopen to an innocuous variant, in case <limits.h> declares dlopen.
|    For example, HP-UX 11i <limits.h> declares gettimeofday.  */
| #define dlopen innocuous_dlopen
| 
| /* System header to define __stub macros and hopefully few prototypes,
|     which can conflict with char dlopen (); below.
|     Prefer <limits.h> to <assert.h> if __STDC__ is defined, since
|     <limits.h> exists even on freestanding compilers.  */
| 
| #ifdef __STDC__
| # include <limits.h>
| #else
| # include <assert.h>
| #endif
| 
| #undef dlopen
| 
| /* Override any GCC internal prototype to avoid an error.
|    Use char because int might match the return type of a GCC
|    builtin and then its argument prototype would still apply.  */
| #ifdef __cplusplus
| extern "C"
| #endif
| char dlopen ();
| /* The GNU C library defines this for functions which it implements
|     to always fail with ENOSYS.  Some functions are actually named
|     something starting with __ and the normal name is an alias.  */
| #if defined __stub_dlopen || defined __stub___dlopen
| choke me
| #endif
| 
| int
| main ()
| {
| return dlopen ();
|   ;
|   return 0;
| }
configure:12428: result: no
configure:12432: checking for dlopen in -ldl
configure:12457: /cvmfs/sft.cern.ch/lcg/releases/gcc/7.3.0-cb1ee/x86_64-slc6/bin/gcc -o conftest -g -O2   conftest.c -ldl   >&5
configure:12457: $? = 0
configure:12466: result: yes
configure:12585: checking whether a program can dlopen itself
configure:12665: /cvmfs/sft.cern.ch/lcg/releases/gcc/7.3.0-cb1ee/x86_64-slc6/bin/gcc -o conftest -g -O2  -DHAVE_DLFCN_H  -Wl,--export-dynamic conftest.c -ldl  >&5
configure:12668: $? = 0
configure:12686: result: yes
configure:12691: checking whether a statically linked program can dlopen itself
configure:12771: /cvmfs/sft.cern.ch/lcg/releases/gcc/7.3.0-cb1ee/x86_64-slc6/bin/gcc -o conftest -g -O2  -DHAVE_DLFCN_H  -Wl,--export-dynamic  conftest.c -ldl  >&5
configure:12774: $? = 0
configure:12792: result: yes
configure:12831: checking whether stripping libraries is possible
configure:12836: result: yes
configure:12871: checking if libtool supports shared libraries
configure:12873: result: yes
configure:12876: checking whether to build shared libraries
configure:12897: result: yes
configure:12900: checking whether to build static libraries
configure:12904: result: yes
configure:12927: checking how to run the C++ preprocessor
configure:12954: /cvmfs/sft.cern.ch/lcg/releases/gcc/7.3.0-cb1ee/x86_64-slc6/bin/g++ -E  conftest.cpp
configure:12954: $? = 0
configure:12968: /cvmfs/sft.cern.ch/lcg/releases/gcc/7.3.0-cb1ee/x86_64-slc6/bin/g++ -E  conftest.cpp
conftest.cpp:23:10: fatal error: ac_nonexistent.h: No such file or directory
 #include <ac_nonexistent.h>
          ^~~~~~~~~~~~~~~~~~
compilation terminated.
configure:12968: $? = 1
configure: failed program was:
| /* confdefs.h */
| #define PACKAGE_NAME "fastNLO_toolkit"
| #define PACKAGE_TARNAME "fastnlo_toolkit"
| #define PACKAGE_VERSION "2.3.1"
| #define PACKAGE_STRING "fastNLO_toolkit 2.3.1"
| #define PACKAGE_BUGREPORT "daniel.britzger@desy.de,klaus.rabbertz@cern.ch,g.sieber@cern.ch,stober@cern.ch,wobisch@fnal.gov"
| #define PACKAGE_URL ""
| #define PACKAGE "fastnlo_toolkit"
| #define VERSION "2.3.1"
| #define STDC_HEADERS 1
| #define HAVE_SYS_TYPES_H 1
| #define HAVE_SYS_STAT_H 1
| #define HAVE_STDLIB_H 1
| #define HAVE_STRING_H 1
| #define HAVE_MEMORY_H 1
| #define HAVE_STRINGS_H 1
| #define HAVE_INTTYPES_H 1
| #define HAVE_STDINT_H 1
| #define HAVE_UNISTD_H 1
| #define HAVE_DLFCN_H 1
| #define LT_OBJDIR ".libs/"
| /* end confdefs.h.  */
| #include <ac_nonexistent.h>
configure:12993: result: /cvmfs/sft.cern.ch/lcg/releases/gcc/7.3.0-cb1ee/x86_64-slc6/bin/g++ -E
configure:13013: /cvmfs/sft.cern.ch/lcg/releases/gcc/7.3.0-cb1ee/x86_64-slc6/bin/g++ -E  conftest.cpp
configure:13013: $? = 0
configure:13027: /cvmfs/sft.cern.ch/lcg/releases/gcc/7.3.0-cb1ee/x86_64-slc6/bin/g++ -E  conftest.cpp
conftest.cpp:23:10: fatal error: ac_nonexistent.h: No such file or directory
 #include <ac_nonexistent.h>
          ^~~~~~~~~~~~~~~~~~
compilation terminated.
configure:13027: $? = 1
configure: failed program was:
| /* confdefs.h */
| #define PACKAGE_NAME "fastNLO_toolkit"
| #define PACKAGE_TARNAME "fastnlo_toolkit"
| #define PACKAGE_VERSION "2.3.1"
| #define PACKAGE_STRING "fastNLO_toolkit 2.3.1"
| #define PACKAGE_BUGREPORT "daniel.britzger@desy.de,klaus.rabbertz@cern.ch,g.sieber@cern.ch,stober@cern.ch,wobisch@fnal.gov"
| #define PACKAGE_URL ""
| #define PACKAGE "fastnlo_toolkit"
| #define VERSION "2.3.1"
| #define STDC_HEADERS 1
| #define HAVE_SYS_TYPES_H 1
| #define HAVE_SYS_STAT_H 1
| #define HAVE_STDLIB_H 1
| #define HAVE_STRING_H 1
| #define HAVE_MEMORY_H 1
| #define HAVE_STRINGS_H 1
| #define HAVE_INTTYPES_H 1
| #define HAVE_STDINT_H 1
| #define HAVE_UNISTD_H 1
| #define HAVE_DLFCN_H 1
| #define LT_OBJDIR ".libs/"
| /* end confdefs.h.  */
| #include <ac_nonexistent.h>
configure:13196: checking for ld used by /cvmfs/sft.cern.ch/lcg/releases/gcc/7.3.0-cb1ee/x86_64-slc6/bin/g++
configure:13263: result: /cvmfs/sft.cern.ch/lcg/releases/binutils/2.28-a983d/x86_64-slc6/bin/ld -m elf_x86_64
configure:13270: checking if the linker (/cvmfs/sft.cern.ch/lcg/releases/binutils/2.28-a983d/x86_64-slc6/bin/ld -m elf_x86_64) is GNU ld
configure:13285: result: yes
configure:13340: checking whether the /cvmfs/sft.cern.ch/lcg/releases/gcc/7.3.0-cb1ee/x86_64-slc6/bin/g++ linker (/cvmfs/sft.cern.ch/lcg/releases/binutils/2.28-a983d/x86_64-slc6/bin/ld -m elf_x86_64) supports shared libraries
configure:14345: result: yes
configure:14381: /cvmfs/sft.cern.ch/lcg/releases/gcc/7.3.0-cb1ee/x86_64-slc6/bin/g++ -c  -O3 -g -fopenmp   conftest.cpp >&5
configure:14384: $? = 0
configure:14904: checking for /cvmfs/sft.cern.ch/lcg/releases/gcc/7.3.0-cb1ee/x86_64-slc6/bin/g++ option to produce PIC
configure:14911: result: -fPIC -DPIC
configure:14919: checking if /cvmfs/sft.cern.ch/lcg/releases/gcc/7.3.0-cb1ee/x86_64-slc6/bin/g++ PIC flag -fPIC -DPIC works
configure:14937: /cvmfs/sft.cern.ch/lcg/releases/gcc/7.3.0-cb1ee/x86_64-slc6/bin/g++ -c  -O3 -g -fopenmp   -fPIC -DPIC -DPIC conftest.cpp >&5
configure:14941: $? = 0
configure:14954: result: yes
configure:14977: checking if /cvmfs/sft.cern.ch/lcg/releases/gcc/7.3.0-cb1ee/x86_64-slc6/bin/g++ static flag -static works
configure:15005: result: no
configure:15017: checking if /cvmfs/sft.cern.ch/lcg/releases/gcc/7.3.0-cb1ee/x86_64-slc6/bin/g++ supports -c -o file.o
configure:15038: /cvmfs/sft.cern.ch/lcg/releases/gcc/7.3.0-cb1ee/x86_64-slc6/bin/g++ -c  -O3 -g -fopenmp   -o out/conftest2.o conftest.cpp >&5
configure:15042: $? = 0
configure:15064: result: yes
configure:15069: checking if /cvmfs/sft.cern.ch/lcg/releases/gcc/7.3.0-cb1ee/x86_64-slc6/bin/g++ supports -c -o file.o
configure:15116: result: yes
configure:15146: checking whether the /cvmfs/sft.cern.ch/lcg/releases/gcc/7.3.0-cb1ee/x86_64-slc6/bin/g++ linker (/cvmfs/sft.cern.ch/lcg/releases/binutils/2.28-a983d/x86_64-slc6/bin/ld -m elf_x86_64) supports shared libraries
configure:15182: result: yes
configure:15323: checking dynamic linker characteristics
configure:15994: result: GNU/Linux ld.so
configure:16047: checking how to hardcode library paths into programs
configure:16072: result: immediate
configure:16220: checking if libtool supports shared libraries
configure:16222: result: yes
configure:16225: checking whether to build shared libraries
configure:16245: result: yes
configure:16248: checking whether to build static libraries
configure:16252: result: yes
configure:16573: checking for gfortran option to produce PIC
configure:16580: result: -fPIC
configure:16588: checking if gfortran PIC flag -fPIC works
configure:16606: gfortran -c -g -O2 -fPIC conftest.f >&5
configure:16610: $? = 0
configure:16623: result: yes
configure:16646: checking if gfortran static flag -static works
configure:16674: result: no
configure:16686: checking if gfortran supports -c -o file.o
configure:16707: gfortran -c -g -O2 -o out/conftest2.o conftest.f >&5
configure:16711: $? = 0
configure:16733: result: yes
configure:16738: checking if gfortran supports -c -o file.o
configure:16785: result: yes
configure:16815: checking whether the gfortran linker (/cvmfs/sft.cern.ch/lcg/releases/binutils/2.28-a983d/x86_64-slc6/bin/ld -m elf_x86_64) supports shared libraries
configure:17918: result: yes
configure:18059: checking dynamic linker characteristics
configure:18724: result: GNU/Linux ld.so
configure:18777: checking how to hardcode library paths into programs
configure:18802: result: immediate
configure:18946: checking if libtool supports shared libraries
configure:18948: result: yes
configure:18951: checking whether to build shared libraries
configure:18971: result: yes
configure:18974: checking whether to build static libraries
configure:18978: result: yes
configure:19012: /cvmfs/sft.cern.ch/lcg/releases/gcc/7.3.0-cb1ee/x86_64-slc6/bin/gfortran -c -g -O2  conftest.f >&5
configure:19015: $? = 0
configure:19444: checking for /cvmfs/sft.cern.ch/lcg/releases/gcc/7.3.0-cb1ee/x86_64-slc6/bin/gfortran option to produce PIC
configure:19451: result: -fPIC
configure:19459: checking if /cvmfs/sft.cern.ch/lcg/releases/gcc/7.3.0-cb1ee/x86_64-slc6/bin/gfortran PIC flag -fPIC works
configure:19477: /cvmfs/sft.cern.ch/lcg/releases/gcc/7.3.0-cb1ee/x86_64-slc6/bin/gfortran -c -g -O2 -fPIC  conftest.f >&5
configure:19481: $? = 0
configure:19494: result: yes
configure:19517: checking if /cvmfs/sft.cern.ch/lcg/releases/gcc/7.3.0-cb1ee/x86_64-slc6/bin/gfortran static flag -static works
configure:19545: result: no
configure:19557: checking if /cvmfs/sft.cern.ch/lcg/releases/gcc/7.3.0-cb1ee/x86_64-slc6/bin/gfortran supports -c -o file.o
configure:19578: /cvmfs/sft.cern.ch/lcg/releases/gcc/7.3.0-cb1ee/x86_64-slc6/bin/gfortran -c -g -O2 -o out/conftest2.o  conftest.f >&5
configure:19582: $? = 0
configure:19604: result: yes
configure:19609: checking if /cvmfs/sft.cern.ch/lcg/releases/gcc/7.3.0-cb1ee/x86_64-slc6/bin/gfortran supports -c -o file.o
configure:19656: result: yes
configure:19686: checking whether the /cvmfs/sft.cern.ch/lcg/releases/gcc/7.3.0-cb1ee/x86_64-slc6/bin/gfortran linker (/cvmfs/sft.cern.ch/lcg/releases/binutils/2.28-a983d/x86_64-slc6/bin/ld -m elf_x86_64) supports shared libraries
configure:20789: result: yes
configure:20930: checking dynamic linker characteristics
configure:21595: result: GNU/Linux ld.so
configure:21648: checking how to hardcode library paths into programs
configure:21673: result: immediate
configure:21723: checking whether ln -s works
configure:21727: result: yes
configure:21734: checking whether make sets $(MAKE)
configure:21756: result: yes
configure:21774: checking how to get verbose linking output from gfortran
configure:21784: gfortran -c -g -O2 conftest.f >&5
configure:21784: $? = 0
configure:21802: gfortran -o conftest -g -O2 -v conftest.f
Using built-in specs.
Target: x86_64-pc-linux-gnu
Thread model: posix
gcc version 7.3.0 (GCC) 
 /cvmfs/sft.cern.ch/lcg/releases/gcc/7.3.0-cb1ee/x86_64-slc6/bin/../libexec/gcc/x86_64-pc-linux-gnu/7.3.0/f951 conftest.f -ffixed-form -quiet -dumpbase conftest.f -mtune=generic -march=x86-64 -auxbase conftest -g -O2 -version -fintrinsic-modules-path /cvmfs/sft.cern.ch/lcg/releases/gcc/7.3.0-cb1ee/x86_64-slc6/bin/../lib/gcc/x86_64-pc-linux-gnu/7.3.0/finclude -o /tmp/ccSrrw4k.s
GNU Fortran (GCC) version 7.3.0 (x86_64-pc-linux-gnu)
	compiled by GNU C version 7.3.0, GMP version 6.1.0, MPFR version 3.1.4, MPC version 1.0.3, isl version isl-0.16.1-GMP

GGC heuristics: --param ggc-min-expand=100 --param ggc-min-heapsize=131072
GNU Fortran2008 (GCC) version 7.3.0 (x86_64-pc-linux-gnu)
	compiled by GNU C version 7.3.0, GMP version 6.1.0, MPFR version 3.1.4, MPC version 1.0.3, isl version isl-0.16.1-GMP

GGC heuristics: --param ggc-min-expand=100 --param ggc-min-heapsize=131072
 as -v --64 -o /tmp/ccgJlq20.o /tmp/ccSrrw4k.s
GNU assembler version 2.28 (x86_64-pc-linux-gnu) using BFD version (GNU Binutils) 2.28
Reading specs from /cvmfs/sft.cern.ch/lcg/releases/gcc/7.3.0-cb1ee/x86_64-slc6/bin/../lib/gcc/x86_64-pc-linux-gnu/7.3.0/../../../../lib64/libgfortran.spec
rename spec lib to liborig
 /cvmfs/sft.cern.ch/lcg/releases/gcc/7.3.0-cb1ee/x86_64-slc6/bin/../libexec/gcc/x86_64-pc-linux-gnu/7.3.0/collect2 -plugin /cvmfs/sft.cern.ch/lcg/releases/gcc/7.3.0-cb1ee/x86_64-slc6/bin/../libexec/gcc/x86_64-pc-linux-gnu/7.3.0/liblto_plugin.so -plugin-opt=/cvmfs/sft.cern.ch/lcg/releases/gcc/7.3.0-cb1ee/x86_64-slc6/bin/../libexec/gcc/x86_64-pc-linux-gnu/7.3.0/lto-wrapper -plugin-opt=-fresolution=/tmp/ccydz92G.res -plugin-opt=-pass-through=-lgcc_s -plugin-opt=-pass-through=-lgcc -plugin-opt=-pass-through=-lquadmath -plugin-opt=-pass-through=-lm -plugin-opt=-pass-through=-lgcc_s -plugin-opt=-pass-through=-lgcc -plugin-opt=-pass-through=-lc -plugin-opt=-pass-through=-lgcc_s -plugin-opt=-pass-through=-lgcc --eh-frame-hdr -m elf_x86_64 -dynamic-linker /lib64/ld-linux-x86-64.so.2 -o conftest /lib/../lib64/crt1.o /lib/../lib64/crti.o /cvmfs/sft.cern.ch/lcg/releases/gcc/7.3.0-cb1ee/x86_64-slc6/bin/../lib/gcc/x86_64-pc-linux-gnu/7.3.0/crtbegin.o -L/cvmfs/sft.cern.ch/lcg/releases/gcc/7.3.0-cb1ee/x86_64-slc6/bin/../lib/gcc/x86_64-pc-linux-gnu/7.3.0 -L/cvmfs/sft.cern.ch/lcg/releases/gcc/7.3.0-cb1ee/x86_64-slc6/bin/../lib/gcc -L/cvmfs/sft.cern.ch/lcg/releases/gcc/7.3.0-cb1ee/x86_64-slc6/bin/../lib/gcc/x86_64-pc-linux-gnu/7.3.0/../../../../lib64 -L/lib/../lib64 -L/usr/lib/../lib64 -L/cvmfs/sft.cern.ch/lcg/releases/gcc/7.3.0-cb1ee/x86_64-slc6/bin/../lib/gcc/x86_64-pc-linux-gnu/7.3.0/../../.. /tmp/ccgJlq20.o -lgfortran -lm -lgcc_s -lgcc -lquadmath -lm -lgcc_s -lgcc -lc -lgcc_s -lgcc /cvmfs/sft.cern.ch/lcg/releases/gcc/7.3.0-cb1ee/x86_64-slc6/bin/../lib/gcc/x86_64-pc-linux-gnu/7.3.0/crtend.o /lib/../lib64/crtn.o
configure:21885: result: -v
configure:21887: checking for Fortran 77 libraries of gfortran
configure:21910: gfortran -o conftest -g -O2 -v conftest.f
Using built-in specs.
Target: x86_64-pc-linux-gnu
Thread model: posix
gcc version 7.3.0 (GCC) 
 /cvmfs/sft.cern.ch/lcg/releases/gcc/7.3.0-cb1ee/x86_64-slc6/bin/../libexec/gcc/x86_64-pc-linux-gnu/7.3.0/f951 conftest.f -ffixed-form -quiet -dumpbase conftest.f -mtune=generic -march=x86-64 -auxbase conftest -g -O2 -version -fintrinsic-modules-path /cvmfs/sft.cern.ch/lcg/releases/gcc/7.3.0-cb1ee/x86_64-slc6/bin/../lib/gcc/x86_64-pc-linux-gnu/7.3.0/finclude -o /tmp/ccEiaOTO.s
GNU Fortran (GCC) version 7.3.0 (x86_64-pc-linux-gnu)
	compiled by GNU C version 7.3.0, GMP version 6.1.0, MPFR version 3.1.4, MPC version 1.0.3, isl version isl-0.16.1-GMP

GGC heuristics: --param ggc-min-expand=100 --param ggc-min-heapsize=131072
GNU Fortran2008 (GCC) version 7.3.0 (x86_64-pc-linux-gnu)
	compiled by GNU C version 7.3.0, GMP version 6.1.0, MPFR version 3.1.4, MPC version 1.0.3, isl version isl-0.16.1-GMP

GGC heuristics: --param ggc-min-expand=100 --param ggc-min-heapsize=131072
 as -v --64 -o /tmp/ccfCNjPv.o /tmp/ccEiaOTO.s
GNU assembler version 2.28 (x86_64-pc-linux-gnu) using BFD version (GNU Binutils) 2.28
Reading specs from /cvmfs/sft.cern.ch/lcg/releases/gcc/7.3.0-cb1ee/x86_64-slc6/bin/../lib/gcc/x86_64-pc-linux-gnu/7.3.0/../../../../lib64/libgfortran.spec
rename spec lib to liborig
 /cvmfs/sft.cern.ch/lcg/releases/gcc/7.3.0-cb1ee/x86_64-slc6/bin/../libexec/gcc/x86_64-pc-linux-gnu/7.3.0/collect2 -plugin /cvmfs/sft.cern.ch/lcg/releases/gcc/7.3.0-cb1ee/x86_64-slc6/bin/../libexec/gcc/x86_64-pc-linux-gnu/7.3.0/liblto_plugin.so -plugin-opt=/cvmfs/sft.cern.ch/lcg/releases/gcc/7.3.0-cb1ee/x86_64-slc6/bin/../libexec/gcc/x86_64-pc-linux-gnu/7.3.0/lto-wrapper -plugin-opt=-fresolution=/tmp/cc6aILNc.res -plugin-opt=-pass-through=-lgcc_s -plugin-opt=-pass-through=-lgcc -plugin-opt=-pass-through=-lquadmath -plugin-opt=-pass-through=-lm -plugin-opt=-pass-through=-lgcc_s -plugin-opt=-pass-through=-lgcc -plugin-opt=-pass-through=-lc -plugin-opt=-pass-through=-lgcc_s -plugin-opt=-pass-through=-lgcc --eh-frame-hdr -m elf_x86_64 -dynamic-linker /lib64/ld-linux-x86-64.so.2 -o conftest /lib/../lib64/crt1.o /lib/../lib64/crti.o /cvmfs/sft.cern.ch/lcg/releases/gcc/7.3.0-cb1ee/x86_64-slc6/bin/../lib/gcc/x86_64-pc-linux-gnu/7.3.0/crtbegin.o -L/cvmfs/sft.cern.ch/lcg/releases/gcc/7.3.0-cb1ee/x86_64-slc6/bin/../lib/gcc/x86_64-pc-linux-gnu/7.3.0 -L/cvmfs/sft.cern.ch/lcg/releases/gcc/7.3.0-cb1ee/x86_64-slc6/bin/../lib/gcc -L/cvmfs/sft.cern.ch/lcg/releases/gcc/7.3.0-cb1ee/x86_64-slc6/bin/../lib/gcc/x86_64-pc-linux-gnu/7.3.0/../../../../lib64 -L/lib/../lib64 -L/usr/lib/../lib64 -L/cvmfs/sft.cern.ch/lcg/releases/gcc/7.3.0-cb1ee/x86_64-slc6/bin/../lib/gcc/x86_64-pc-linux-gnu/7.3.0/../../.. /tmp/ccfCNjPv.o -lgfortran -lm -lgcc_s -lgcc -lquadmath -lm -lgcc_s -lgcc -lc -lgcc_s -lgcc /cvmfs/sft.cern.ch/lcg/releases/gcc/7.3.0-cb1ee/x86_64-slc6/bin/../lib/gcc/x86_64-pc-linux-gnu/7.3.0/crtend.o /lib/../lib64/crtn.o
configure:22106: result:  -L/cvmfs/sft.cern.ch/lcg/releases/gcc/7.3.0-cb1ee/x86_64-slc6/bin/../lib/gcc/x86_64-pc-linux-gnu/7.3.0 -L/cvmfs/sft.cern.ch/lcg/releases/gcc/7.3.0-cb1ee/x86_64-slc6/bin/../lib/gcc -L/cvmfs/sft.cern.ch/lcg/releases/gcc/7.3.0-cb1ee/x86_64-slc6/bin/../lib/gcc/x86_64-pc-linux-gnu/7.3.0/../../../../lib64 -L/lib/../lib64 -L/usr/lib/../lib64 -L/cvmfs/sft.cern.ch/lcg/releases/gcc/7.3.0-cb1ee/x86_64-slc6/bin/../lib/gcc/x86_64-pc-linux-gnu/7.3.0/../../.. -lgfortran -lm -lquadmath
configure:22117: checking for getenv_ in -lg2c
configure:22142: /cvmfs/sft.cern.ch/lcg/releases/gcc/7.3.0-cb1ee/x86_64-slc6/bin/gcc -o conftest -g -O2   conftest.c -lg2c   >&5
/cvmfs/sft.cern.ch/lcg/releases/binutils/2.28-a983d/x86_64-slc6/bin/ld: cannot find -lg2c
collect2: error: ld returned 1 exit status
configure:22142: $? = 1
configure: failed program was:
| /* confdefs.h */
| #define PACKAGE_NAME "fastNLO_toolkit"
| #define PACKAGE_TARNAME "fastnlo_toolkit"
| #define PACKAGE_VERSION "2.3.1"
| #define PACKAGE_STRING "fastNLO_toolkit 2.3.1"
| #define PACKAGE_BUGREPORT "daniel.britzger@desy.de,klaus.rabbertz@cern.ch,g.sieber@cern.ch,stober@cern.ch,wobisch@fnal.gov"
| #define PACKAGE_URL ""
| #define PACKAGE "fastnlo_toolkit"
| #define VERSION "2.3.1"
| #define STDC_HEADERS 1
| #define HAVE_SYS_TYPES_H 1
| #define HAVE_SYS_STAT_H 1
| #define HAVE_STDLIB_H 1
| #define HAVE_STRING_H 1
| #define HAVE_MEMORY_H 1
| #define HAVE_STRINGS_H 1
| #define HAVE_INTTYPES_H 1
| #define HAVE_STDINT_H 1
| #define HAVE_UNISTD_H 1
| #define HAVE_DLFCN_H 1
| #define LT_OBJDIR ".libs/"
| /* end confdefs.h.  */
| 
| /* Override any GCC internal prototype to avoid an error.
|    Use char because int might match the return type of a GCC
|    builtin and then its argument prototype would still apply.  */
| #ifdef __cplusplus
| extern "C"
| #endif
| char getenv_ ();
| int
| main ()
| {
| return getenv_ ();
|   ;
|   return 0;
| }
configure:22151: result: no
configure:22170: checking if zlib is wanted
configure:22192: result: yes
configure:22223: checking for inflateEnd in -lz
configure:22248: /cvmfs/sft.cern.ch/lcg/releases/gcc/7.3.0-cb1ee/x86_64-slc6/bin/gcc -o conftest -g -O2  -I/usr/include  -L/usr/lib conftest.c -lz   >&5
/cvmfs/sft.cern.ch/lcg/releases/binutils/2.28-a983d/x86_64-slc6/bin/ld: skipping incompatible /usr/lib/libgcc_s.so.1 when searching for libgcc_s.so.1
/cvmfs/sft.cern.ch/lcg/releases/binutils/2.28-a983d/x86_64-slc6/bin/ld: skipping incompatible /usr/lib/libc.so when searching for -lc
/cvmfs/sft.cern.ch/lcg/releases/binutils/2.28-a983d/x86_64-slc6/bin/ld: skipping incompatible /usr/lib/libgcc_s.so.1 when searching for libgcc_s.so.1
configure:22248: $? = 0
configure:22257: result: yes
configure:22265: checking zlib.h usability
configure:22265: /cvmfs/sft.cern.ch/lcg/releases/gcc/7.3.0-cb1ee/x86_64-slc6/bin/gcc -c -g -O2  -I/usr/include conftest.c >&5
configure:22265: $? = 0
configure:22265: result: yes
configure:22265: checking zlib.h presence
configure:22265: /cvmfs/sft.cern.ch/lcg/releases/gcc/7.3.0-cb1ee/x86_64-slc6/bin/gcc -E  -I/usr/include conftest.c
configure:22265: $? = 0
configure:22265: result: yes
configure:22265: checking for zlib.h
configure:22265: result: yes
configure:22301: checking if zlib is wanted
configure:22323: result: yes
configure:22354: checking for inflateEnd in -lz
configure:22388: result: yes
configure:22396: checking for zlib.h
configure:22396: result: yes
configure:22433: ZLIBTEST is set to true
configure:22447: checking for stdbool.h that conforms to C99
configure:22514: /cvmfs/sft.cern.ch/lcg/releases/gcc/7.3.0-cb1ee/x86_64-slc6/bin/gcc -c -g -O2  -I/usr/include -I/usr/include conftest.c >&5
configure:22514: $? = 0
configure:22521: result: yes
configure:22523: checking for _Bool
configure:22523: /cvmfs/sft.cern.ch/lcg/releases/gcc/7.3.0-cb1ee/x86_64-slc6/bin/gcc -c -g -O2  -I/usr/include -I/usr/include conftest.c >&5
configure:22523: $? = 0
configure:22523: /cvmfs/sft.cern.ch/lcg/releases/gcc/7.3.0-cb1ee/x86_64-slc6/bin/gcc -c -g -O2  -I/usr/include -I/usr/include conftest.c >&5
conftest.c: In function 'main':
conftest.c:60:20: error: expected expression before ')' token
 if (sizeof ((_Bool)))
                    ^
configure:22523: $? = 1
configure: failed program was:
| /* confdefs.h */
| #define PACKAGE_NAME "fastNLO_toolkit"
| #define PACKAGE_TARNAME "fastnlo_toolkit"
| #define PACKAGE_VERSION "2.3.1"
| #define PACKAGE_STRING "fastNLO_toolkit 2.3.1"
| #define PACKAGE_BUGREPORT "daniel.britzger@desy.de,klaus.rabbertz@cern.ch,g.sieber@cern.ch,stober@cern.ch,wobisch@fnal.gov"
| #define PACKAGE_URL ""
| #define PACKAGE "fastnlo_toolkit"
| #define VERSION "2.3.1"
| #define STDC_HEADERS 1
| #define HAVE_SYS_TYPES_H 1
| #define HAVE_SYS_STAT_H 1
| #define HAVE_STDLIB_H 1
| #define HAVE_STRING_H 1
| #define HAVE_MEMORY_H 1
| #define HAVE_STRINGS_H 1
| #define HAVE_INTTYPES_H 1
| #define HAVE_STDINT_H 1
| #define HAVE_UNISTD_H 1
| #define HAVE_DLFCN_H 1
| #define LT_OBJDIR ".libs/"
| #define HAVE_LIBZ 1
| /* end confdefs.h.  */
| #include <stdio.h>
| #ifdef HAVE_SYS_TYPES_H
| # include <sys/types.h>
| #endif
| #ifdef HAVE_SYS_STAT_H
| # include <sys/stat.h>
| #endif
| #ifdef STDC_HEADERS
| # include <stdlib.h>
| # include <stddef.h>
| #else
| # ifdef HAVE_STDLIB_H
| #  include <stdlib.h>
| # endif
| #endif
| #ifdef HAVE_STRING_H
| # if !defined STDC_HEADERS && defined HAVE_MEMORY_H
| #  include <memory.h>
| # endif
| # include <string.h>
| #endif
| #ifdef HAVE_STRINGS_H
| # include <strings.h>
| #endif
| #ifdef HAVE_INTTYPES_H
| # include <inttypes.h>
| #endif
| #ifdef HAVE_STDINT_H
| # include <stdint.h>
| #endif
| #ifdef HAVE_UNISTD_H
| # include <unistd.h>
| #endif
| int
| main ()
| {
| if (sizeof ((_Bool)))
| 	    return 0;
|   ;
|   return 0;
| }
configure:22523: result: yes
configure:22540: checking for inline
configure:22556: /cvmfs/sft.cern.ch/lcg/releases/gcc/7.3.0-cb1ee/x86_64-slc6/bin/gcc -c -g -O2  -I/usr/include -I/usr/include conftest.c >&5
configure:22556: $? = 0
configure:22564: result: inline
configure:22593: checking whether /cvmfs/sft.cern.ch/lcg/releases/gcc/7.3.0-cb1ee/x86_64-slc6/bin/g++ supports C++11 features by default
configure:22887: /cvmfs/sft.cern.ch/lcg/releases/gcc/7.3.0-cb1ee/x86_64-slc6/bin/g++ -c  -O3 -g -fopenmp   -I/usr/include -I/usr/include conftest.cpp >&5
configure:22887: $? = 0
configure:22894: result: yes
configure:23566: checking for error_at_line
configure:23582: /cvmfs/sft.cern.ch/lcg/releases/gcc/7.3.0-cb1ee/x86_64-slc6/bin/gcc -o conftest -g -O2  -I/usr/include -I/usr/include  -L/usr/lib -L/usr/lib conftest.c -lz  >&5
/cvmfs/sft.cern.ch/lcg/releases/binutils/2.28-a983d/x86_64-slc6/bin/ld: skipping incompatible /usr/lib/libgcc_s.so.1 when searching for libgcc_s.so.1
/cvmfs/sft.cern.ch/lcg/releases/binutils/2.28-a983d/x86_64-slc6/bin/ld: skipping incompatible /usr/lib/libgcc_s.so.1 when searching for libgcc_s.so.1
/cvmfs/sft.cern.ch/lcg/releases/binutils/2.28-a983d/x86_64-slc6/bin/ld: skipping incompatible /usr/lib/libc.so when searching for -lc
/cvmfs/sft.cern.ch/lcg/releases/binutils/2.28-a983d/x86_64-slc6/bin/ld: skipping incompatible /usr/lib/libc.so when searching for -lc
/cvmfs/sft.cern.ch/lcg/releases/binutils/2.28-a983d/x86_64-slc6/bin/ld: skipping incompatible /usr/lib/libgcc_s.so.1 when searching for libgcc_s.so.1
/cvmfs/sft.cern.ch/lcg/releases/binutils/2.28-a983d/x86_64-slc6/bin/ld: skipping incompatible /usr/lib/libgcc_s.so.1 when searching for libgcc_s.so.1
configure:23582: $? = 0
configure:23590: result: yes
configure:23604: checking for memset
configure:23604: /cvmfs/sft.cern.ch/lcg/releases/gcc/7.3.0-cb1ee/x86_64-slc6/bin/gcc -o conftest -g -O2  -I/usr/include -I/usr/include  -L/usr/lib -L/usr/lib conftest.c -lz  >&5
conftest.c:50:6: warning: conflicting types for built-in function 'memset' [-Wbuiltin-declaration-mismatch]
 char memset ();
      ^~~~~~
/cvmfs/sft.cern.ch/lcg/releases/binutils/2.28-a983d/x86_64-slc6/bin/ld: skipping incompatible /usr/lib/libgcc_s.so.1 when searching for libgcc_s.so.1
/cvmfs/sft.cern.ch/lcg/releases/binutils/2.28-a983d/x86_64-slc6/bin/ld: skipping incompatible /usr/lib/libgcc_s.so.1 when searching for libgcc_s.so.1
/cvmfs/sft.cern.ch/lcg/releases/binutils/2.28-a983d/x86_64-slc6/bin/ld: skipping incompatible /usr/lib/libc.so when searching for -lc
/cvmfs/sft.cern.ch/lcg/releases/binutils/2.28-a983d/x86_64-slc6/bin/ld: skipping incompatible /usr/lib/libc.so when searching for -lc
/cvmfs/sft.cern.ch/lcg/releases/binutils/2.28-a983d/x86_64-slc6/bin/ld: skipping incompatible /usr/lib/libgcc_s.so.1 when searching for libgcc_s.so.1
/cvmfs/sft.cern.ch/lcg/releases/binutils/2.28-a983d/x86_64-slc6/bin/ld: skipping incompatible /usr/lib/libgcc_s.so.1 when searching for libgcc_s.so.1
configure:23604: $? = 0
configure:23604: result: yes
configure:23604: checking for pow
configure:23604: /cvmfs/sft.cern.ch/lcg/releases/gcc/7.3.0-cb1ee/x86_64-slc6/bin/gcc -o conftest -g -O2  -I/usr/include -I/usr/include  -L/usr/lib -L/usr/lib conftest.c -lz  >&5
conftest.c:51:6: warning: conflicting types for built-in function 'pow' [-Wbuiltin-declaration-mismatch]
 char pow ();
      ^~~
/cvmfs/sft.cern.ch/lcg/releases/binutils/2.28-a983d/x86_64-slc6/bin/ld: skipping incompatible /usr/lib/libgcc_s.so.1 when searching for libgcc_s.so.1
/cvmfs/sft.cern.ch/lcg/releases/binutils/2.28-a983d/x86_64-slc6/bin/ld: skipping incompatible /usr/lib/libgcc_s.so.1 when searching for libgcc_s.so.1
/cvmfs/sft.cern.ch/lcg/releases/binutils/2.28-a983d/x86_64-slc6/bin/ld: skipping incompatible /usr/lib/libc.so when searching for -lc
/cvmfs/sft.cern.ch/lcg/releases/binutils/2.28-a983d/x86_64-slc6/bin/ld: skipping incompatible /usr/lib/libc.so when searching for -lc
/cvmfs/sft.cern.ch/lcg/releases/binutils/2.28-a983d/x86_64-slc6/bin/ld: skipping incompatible /usr/lib/libgcc_s.so.1 when searching for libgcc_s.so.1
/cvmfs/sft.cern.ch/lcg/releases/binutils/2.28-a983d/x86_64-slc6/bin/ld: skipping incompatible /usr/lib/libgcc_s.so.1 when searching for libgcc_s.so.1
/tmp/ccudUM7v.o: In function `main':
/home/zlebcr/prog/fastProducer/fastnlo/conftest.c:62: undefined reference to `pow'
collect2: error: ld returned 1 exit status
configure:23604: $? = 1
configure: failed program was:
| /* confdefs.h */
| #define PACKAGE_NAME "fastNLO_toolkit"
| #define PACKAGE_TARNAME "fastnlo_toolkit"
| #define PACKAGE_VERSION "2.3.1"
| #define PACKAGE_STRING "fastNLO_toolkit 2.3.1"
| #define PACKAGE_BUGREPORT "daniel.britzger@desy.de,klaus.rabbertz@cern.ch,g.sieber@cern.ch,stober@cern.ch,wobisch@fnal.gov"
| #define PACKAGE_URL ""
| #define PACKAGE "fastnlo_toolkit"
| #define VERSION "2.3.1"
| #define STDC_HEADERS 1
| #define HAVE_SYS_TYPES_H 1
| #define HAVE_SYS_STAT_H 1
| #define HAVE_STDLIB_H 1
| #define HAVE_STRING_H 1
| #define HAVE_MEMORY_H 1
| #define HAVE_STRINGS_H 1
| #define HAVE_INTTYPES_H 1
| #define HAVE_STDINT_H 1
| #define HAVE_UNISTD_H 1
| #define HAVE_DLFCN_H 1
| #define LT_OBJDIR ".libs/"
| #define HAVE_LIBZ 1
| #define HAVE__BOOL 1
| #define HAVE_STDBOOL_H 1
| #define HAVE_CXX11 1
| #define HAVE_MEMSET 1
| /* end confdefs.h.  */
| /* Define pow to an innocuous variant, in case <limits.h> declares pow.
|    For example, HP-UX 11i <limits.h> declares gettimeofday.  */
| #define pow innocuous_pow
| 
| /* System header to define __stub macros and hopefully few prototypes,
|     which can conflict with char pow (); below.
|     Prefer <limits.h> to <assert.h> if __STDC__ is defined, since
|     <limits.h> exists even on freestanding compilers.  */
| 
| #ifdef __STDC__
| # include <limits.h>
| #else
| # include <assert.h>
| #endif
| 
| #undef pow
| 
| /* Override any GCC internal prototype to avoid an error.
|    Use char because int might match the return type of a GCC
|    builtin and then its argument prototype would still apply.  */
| #ifdef __cplusplus
| extern "C"
| #endif
| char pow ();
| /* The GNU C library defines this for functions which it implements
|     to always fail with ENOSYS.  Some functions are actually named
|     something starting with __ and the normal name is an alias.  */
| #if defined __stub_pow || defined __stub___pow
| choke me
| #endif
| 
| int
| main ()
| {
| return pow ();
|   ;
|   return 0;
| }
configure:23604: result: no
configure:23604: checking for sqrt
configure:23604: /cvmfs/sft.cern.ch/lcg/releases/gcc/7.3.0-cb1ee/x86_64-slc6/bin/gcc -o conftest -g -O2  -I/usr/include -I/usr/include  -L/usr/lib -L/usr/lib conftest.c -lz  >&5
conftest.c:51:6: warning: conflicting types for built-in function 'sqrt' [-Wbuiltin-declaration-mismatch]
 char sqrt ();
      ^~~~
/cvmfs/sft.cern.ch/lcg/releases/binutils/2.28-a983d/x86_64-slc6/bin/ld: skipping incompatible /usr/lib/libgcc_s.so.1 when searching for libgcc_s.so.1
/cvmfs/sft.cern.ch/lcg/releases/binutils/2.28-a983d/x86_64-slc6/bin/ld: skipping incompatible /usr/lib/libgcc_s.so.1 when searching for libgcc_s.so.1
/cvmfs/sft.cern.ch/lcg/releases/binutils/2.28-a983d/x86_64-slc6/bin/ld: skipping incompatible /usr/lib/libc.so when searching for -lc
/cvmfs/sft.cern.ch/lcg/releases/binutils/2.28-a983d/x86_64-slc6/bin/ld: skipping incompatible /usr/lib/libc.so when searching for -lc
/cvmfs/sft.cern.ch/lcg/releases/binutils/2.28-a983d/x86_64-slc6/bin/ld: skipping incompatible /usr/lib/libgcc_s.so.1 when searching for libgcc_s.so.1
/cvmfs/sft.cern.ch/lcg/releases/binutils/2.28-a983d/x86_64-slc6/bin/ld: skipping incompatible /usr/lib/libgcc_s.so.1 when searching for libgcc_s.so.1
/tmp/ccbRZA0X.o: In function `main':
/home/zlebcr/prog/fastProducer/fastnlo/conftest.c:62: undefined reference to `sqrt'
collect2: error: ld returned 1 exit status
configure:23604: $? = 1
configure: failed program was:
| /* confdefs.h */
| #define PACKAGE_NAME "fastNLO_toolkit"
| #define PACKAGE_TARNAME "fastnlo_toolkit"
| #define PACKAGE_VERSION "2.3.1"
| #define PACKAGE_STRING "fastNLO_toolkit 2.3.1"
| #define PACKAGE_BUGREPORT "daniel.britzger@desy.de,klaus.rabbertz@cern.ch,g.sieber@cern.ch,stober@cern.ch,wobisch@fnal.gov"
| #define PACKAGE_URL ""
| #define PACKAGE "fastnlo_toolkit"
| #define VERSION "2.3.1"
| #define STDC_HEADERS 1
| #define HAVE_SYS_TYPES_H 1
| #define HAVE_SYS_STAT_H 1
| #define HAVE_STDLIB_H 1
| #define HAVE_STRING_H 1
| #define HAVE_MEMORY_H 1
| #define HAVE_STRINGS_H 1
| #define HAVE_INTTYPES_H 1
| #define HAVE_STDINT_H 1
| #define HAVE_UNISTD_H 1
| #define HAVE_DLFCN_H 1
| #define LT_OBJDIR ".libs/"
| #define HAVE_LIBZ 1
| #define HAVE__BOOL 1
| #define HAVE_STDBOOL_H 1
| #define HAVE_CXX11 1
| #define HAVE_MEMSET 1
| /* end confdefs.h.  */
| /* Define sqrt to an innocuous variant, in case <limits.h> declares sqrt.
|    For example, HP-UX 11i <limits.h> declares gettimeofday.  */
| #define sqrt innocuous_sqrt
| 
| /* System header to define __stub macros and hopefully few prototypes,
|     which can conflict with char sqrt (); below.
|     Prefer <limits.h> to <assert.h> if __STDC__ is defined, since
|     <limits.h> exists even on freestanding compilers.  */
| 
| #ifdef __STDC__
| # include <limits.h>
| #else
| # include <assert.h>
| #endif
| 
| #undef sqrt
| 
| /* Override any GCC internal prototype to avoid an error.
|    Use char because int might match the return type of a GCC
|    builtin and then its argument prototype would still apply.  */
| #ifdef __cplusplus
| extern "C"
| #endif
| char sqrt ();
| /* The GNU C library defines this for functions which it implements
|     to always fail with ENOSYS.  Some functions are actually named
|     something starting with __ and the normal name is an alias.  */
| #if defined __stub_sqrt || defined __stub___sqrt
| choke me
| #endif
| 
| int
| main ()
| {
| return sqrt ();
|   ;
|   return 0;
| }
configure:23604: result: no
configure:23604: checking for strstr
configure:23604: /cvmfs/sft.cern.ch/lcg/releases/gcc/7.3.0-cb1ee/x86_64-slc6/bin/gcc -o conftest -g -O2  -I/usr/include -I/usr/include  -L/usr/lib -L/usr/lib conftest.c -lz  >&5
conftest.c:51:6: warning: conflicting types for built-in function 'strstr' [-Wbuiltin-declaration-mismatch]
 char strstr ();
      ^~~~~~
/cvmfs/sft.cern.ch/lcg/releases/binutils/2.28-a983d/x86_64-slc6/bin/ld: skipping incompatible /usr/lib/libgcc_s.so.1 when searching for libgcc_s.so.1
/cvmfs/sft.cern.ch/lcg/releases/binutils/2.28-a983d/x86_64-slc6/bin/ld: skipping incompatible /usr/lib/libgcc_s.so.1 when searching for libgcc_s.so.1
/cvmfs/sft.cern.ch/lcg/releases/binutils/2.28-a983d/x86_64-slc6/bin/ld: skipping incompatible /usr/lib/libc.so when searching for -lc
/cvmfs/sft.cern.ch/lcg/releases/binutils/2.28-a983d/x86_64-slc6/bin/ld: skipping incompatible /usr/lib/libc.so when searching for -lc
/cvmfs/sft.cern.ch/lcg/releases/binutils/2.28-a983d/x86_64-slc6/bin/ld: skipping incompatible /usr/lib/libgcc_s.so.1 when searching for libgcc_s.so.1
/cvmfs/sft.cern.ch/lcg/releases/binutils/2.28-a983d/x86_64-slc6/bin/ld: skipping incompatible /usr/lib/libgcc_s.so.1 when searching for libgcc_s.so.1
configure:23604: $? = 0
configure:23604: result: yes
configure:23615: *************************************************
configure:23617: Starting checks particular for fastNLO_toolkit ...
configure:23619: *************************************************
configure:23625: ******************************************
configure:23627: Looking for LHAPDF installation ...
configure:23629: ******************************************
configure:23641: Using given path /cvmfs/sft.cern.ch/lcg/views/LCG_94/x86_64-slc6-gcc7-opt as location of LHAPDF installation.
configure:23741: checking for lhapdf-config
configure:23759: found /cvmfs/sft.cern.ch/lcg/views/LCG_94/x86_64-slc6-gcc7-opt/bin/lhapdf-config
configure:23771: result: /cvmfs/sft.cern.ch/lcg/views/LCG_94/x86_64-slc6-gcc7-opt/bin/lhapdf-config
configure:23783: ******************************************
configure:23786: LHAPDF settings:
configure:23807: result: Using LHAPDF version 6.2.1
configure:23809: result: Using /cvmfs/sft.cern.ch/lcg/releases/MCGenerators/lhapdf/6.2.1-c9645/x86_64-slc6-gcc7-opt for the LHAPDF installation path
configure:23811: result: Using /cvmfs/sft.cern.ch/lcg/releases/MCGenerators/lhapdf/6.2.1-c9645/x86_64-slc6-gcc7-opt/share/LHAPDF for the PDF sets
configure:23813: result: Using /cvmfs/sft.cern.ch/lcg/releases/MCGenerators/lhapdf/6.2.1-c9645/x86_64-slc6-gcc7-opt/bin for the binaries
configure:23815: result: Using /cvmfs/sft.cern.ch/lcg/releases/MCGenerators/lhapdf/6.2.1-c9645/x86_64-slc6-gcc7-opt/lib for the library
configure:23817: result: Using /cvmfs/sft.cern.ch/lcg/releases/MCGenerators/lhapdf/6.2.1-c9645/x86_64-slc6-gcc7-opt/include for the includes
configure:23847: ******************************************
configure:23849: Looking for FastJet installation ...
configure:23851: ******************************************
configure:23873: No FastJet installation path set. Try to find FastJet in prefix path ...
configure:23877: checking for fastjet-config
configure:23910: result: no
configure:23916: No FastJet installation found in prefix path. Try to find FastJet in system path ...
configure:23920: checking for fastjet-config
configure:23938: found /cvmfs/sft.cern.ch/lcg/views/LCG_94/x86_64-slc6-gcc7-opt/bin/fastjet-config
configure:23950: result: /cvmfs/sft.cern.ch/lcg/views/LCG_94/x86_64-slc6-gcc7-opt/bin/fastjet-config
configure:24008: ******************************************
configure:24014: FastJet settings:
configure:24028: result: Using FastJet version 3.3.0
configure:24030: result: Using /cvmfs/sft.cern.ch/lcg/releases/fastjet/3.3.0-e4cac/x86_64-slc6-gcc7-opt for the FastJet installation path
configure:24032: result: Using /cvmfs/sft.cern.ch/lcg/releases/fastjet/3.3.0-e4cac/x86_64-slc6-gcc7-opt/bin for the binaries
configure:24034: result: Using /cvmfs/sft.cern.ch/lcg/releases/fastjet/3.3.0-e4cac/x86_64-slc6-gcc7-opt/lib for the library
configure:24036: result: Using /cvmfs/sft.cern.ch/lcg/releases/fastjet/3.3.0-e4cac/x86_64-slc6-gcc7-opt/include for the includes
configure:24038: result: Using -Wl,-rpath,/cvmfs/sft.cern.ch/lcg/releases/fastjet/3.3.0-e4cac/x86_64-slc6-gcc7-opt/lib -lm -L/cvmfs/sft.cern.ch/lcg/releases/fastjet/3.3.0-e4cac/x86_64-slc6-gcc7-opt/lib -lfastjettools -lfastjet for the linker flags
configure:24070: ******************************************
configure:24072: Checking whether QCDNUM support is requested ...
configure:24074: ******************************************
configure:24266: No QCDNUM support requested. Continue without QCDNUM.
configure:24268: ******************************************
configure:24283: ******************************************
configure:24285: Checking whether HOPPET support is requested ...
configure:24287: ******************************************
configure:24504: No HOPPET support requested. Continue without HOPPET.
configure:24506: ******************************************
configure:24521: ******************************************
configure:24523: Checking whether YODA support is requested ...
configure:24525: ******************************************
configure:24718: No YODA support requested. Continue without YODA.
configure:24720: ******************************************
configure:24735: ******************************************
configure:24737: Checking whether ROOT support is requested ...
configure:24739: ******************************************
configure:24936: No ROOT support requested. Continue without ROOT.
configure:24938: ******************************************
configure:24952: ******************************************
configure:24954: Check for presence of doxygen ...
configure:24956: ******************************************
configure:24962: checking for doxygen
configure:24978: found /cvmfs/sft.cern.ch/lcg/views/LCG_94/x86_64-slc6-gcc7-opt/bin/doxygen
configure:24989: result: doxygen
configure:25009: Creating code documentation using doxygen version 1.8.11.
configure:25011: ******************************************
configure:25018: checking for dot
configure:25034: found /cvmfs/sft.cern.ch/lcg/views/LCG_94/x86_64-slc6-gcc7-opt/bin/dot
configure:25045: result: dot
configure:25079: checking for epstopdf
configure:25109: result: no
configure:25115: WARNING: Did not find epstopdf. Unable to create doxygen documentation, skipped! Please install epstopdf.
configure:25138: ******************************************
configure:25140: Check for presence of pdflatex ...
configure:25142: ******************************************
configure:25146: checking for pdflatex
configure:25162: found /usr/bin/pdflatex
configure:25173: result: pdflatex
configure:25280: Creating PDF documentation using pdflatex.
configure:25282: ******************************************
configure:25303: ******************************************
configure:25305: Checking whether Python extension is requested ...
configure:25307: ******************************************
configure:25921: ******************************************
configure:25927: No Python extension requested. Continue without pyext.
configure:25930: ******************************************
configure:27967: checking that generated files are newer than configure
configure:27973: result: done
configure:28100: creating ./config.status

## ---------------------- ##
## Running config.status. ##
## ---------------------- ##

This file was extended by fastNLO_toolkit config.status 2.3.1, which was
generated by GNU Autoconf 2.69.  Invocation command line was

  CONFIG_FILES    = 
  CONFIG_HEADERS  = 
  CONFIG_LINKS    = 
  CONFIG_COMMANDS = 
  $ ./config.status 

on max-display001.desy.de

config.status:1448: creating Makefile
config.status:1448: creating fastnlotoolkit/Makefile
config.status:1448: creating fastnlotoolkit/include/Makefile
config.status:1448: creating fastnlotoolkit/include/fastnlotk/Makefile
config.status:1448: creating fastnlotoolkit/include/fastnlotk/fastNLOConstants.h
config.status:1448: creating src/Makefile
config.status:1448: creating src/fnlo-tk-config
config.status:1448: creating check/Makefile
config.status:1448: creating data/Makefile
config.status:1448: creating data/check/Makefile
config.status:1448: creating data/modify/Makefile
config.status:1448: creating doc/Makefile
config.status:1448: creating doc/fig/Makefile
config.status:1448: creating fortranext/Makefile
config.status:1448: creating pyext/Makefile
config.status:1448: creating check/fnlo-tk-cattest.pl
config.status:1448: creating check/fnlo-tk-cppnormtest.pl
config.status:1448: creating check/fnlo-tk-cppscalestest.pl
config.status:1448: creating check/fnlo-tk-cpptest.pl
config.status:1448: creating check/fnlo-tk-erasetest.pl
config.status:1448: creating check/fnlo-tk-erasetest2.pl
config.status:1448: creating check/fnlo-tk-mergetest.pl
config.status:1448: creating check/fnlo-tk-stattest.pl
config.status:1448: creating check/fnlo-tk-zipapp.pl
config.status:1448: creating check/fnlo-tk-ziptest.pl
config.status:1448: creating config.h
config.status:1629: config.h is unchanged
config.status:1677: executing depfiles commands
config.status:1677: executing libtool commands

## ---------------- ##
## Cache variables. ##
## ---------------- ##

ac_cv_build=x86_64-unknown-linux-gnu
ac_cv_c_compiler_gnu=yes
ac_cv_c_inline=inline
ac_cv_cxx_compiler_gnu=yes
ac_cv_env_CCC_set=
ac_cv_env_CCC_value=
ac_cv_env_CC_set=set
ac_cv_env_CC_value=/cvmfs/sft.cern.ch/lcg/releases/gcc/7.3.0-cb1ee/x86_64-slc6/bin/gcc
ac_cv_env_CFLAGS_set=
ac_cv_env_CFLAGS_value=
ac_cv_env_CPPFLAGS_set=
ac_cv_env_CPPFLAGS_value=
ac_cv_env_CPP_set=
ac_cv_env_CPP_value=
ac_cv_env_CXXCPP_set=
ac_cv_env_CXXCPP_value=
ac_cv_env_CXXFLAGS_set=set
ac_cv_env_CXXFLAGS_value=' -O3 -g -fopenmp '
ac_cv_env_CXX_set=set
ac_cv_env_CXX_value=/cvmfs/sft.cern.ch/lcg/releases/gcc/7.3.0-cb1ee/x86_64-slc6/bin/g++
ac_cv_env_DOXYGEN_PAPER_SIZE_set=
ac_cv_env_DOXYGEN_PAPER_SIZE_value=
ac_cv_env_F77_set=
ac_cv_env_F77_value=
ac_cv_env_FCFLAGS_set=
ac_cv_env_FCFLAGS_value=
ac_cv_env_FC_set=set
ac_cv_env_FC_value=/cvmfs/sft.cern.ch/lcg/releases/gcc/7.3.0-cb1ee/x86_64-slc6/bin/gfortran
ac_cv_env_FFLAGS_set=
ac_cv_env_FFLAGS_value=
ac_cv_env_LDFLAGS_set=
ac_cv_env_LDFLAGS_value=
ac_cv_env_LIBS_set=
ac_cv_env_LIBS_value=
ac_cv_env_PYTHON_VERSION_set=
ac_cv_env_PYTHON_VERSION_value=
ac_cv_env_PYTHON_set=
ac_cv_env_PYTHON_value=
ac_cv_env_build_alias_set=
ac_cv_env_build_alias_value=
ac_cv_env_host_alias_set=
ac_cv_env_host_alias_value=
ac_cv_env_target_alias_set=
ac_cv_env_target_alias_value=
ac_cv_f77_compiler_gnu=yes
ac_cv_f77_libs=' -L/cvmfs/sft.cern.ch/lcg/releases/gcc/7.3.0-cb1ee/x86_64-slc6/bin/../lib/gcc/x86_64-pc-linux-gnu/7.3.0 -L/cvmfs/sft.cern.ch/lcg/releases/gcc/7.3.0-cb1ee/x86_64-slc6/bin/../lib/gcc -L/cvmfs/sft.cern.ch/lcg/releases/gcc/7.3.0-cb1ee/x86_64-slc6/bin/../lib/gcc/x86_64-pc-linux-gnu/7.3.0/../../../../lib64 -L/lib/../lib64 -L/usr/lib/../lib64 -L/cvmfs/sft.cern.ch/lcg/releases/gcc/7.3.0-cb1ee/x86_64-slc6/bin/../lib/gcc/x86_64-pc-linux-gnu/7.3.0/../../.. -lgfortran -lm -lquadmath'
ac_cv_fc_compiler_gnu=yes
ac_cv_func_dlopen=no
ac_cv_func_memset=yes
ac_cv_func_pow=no
ac_cv_func_shl_load=no
ac_cv_func_sqrt=no
ac_cv_func_strstr=yes
ac_cv_header_dlfcn_h=yes
ac_cv_header_inttypes_h=yes
ac_cv_header_memory_h=yes
ac_cv_header_stdbool_h=yes
ac_cv_header_stdc=yes
ac_cv_header_stdint_h=yes
ac_cv_header_stdlib_h=yes
ac_cv_header_string_h=yes
ac_cv_header_strings_h=yes
ac_cv_header_sys_stat_h=yes
ac_cv_header_sys_types_h=yes
ac_cv_header_unistd_h=yes
ac_cv_header_zlib_h=yes
ac_cv_host=x86_64-unknown-linux-gnu
ac_cv_lib_dl_dlopen=yes
ac_cv_lib_dld_shl_load=no
ac_cv_lib_error_at_line=yes
ac_cv_lib_g2c_getenv_=no
ac_cv_lib_z_inflateEnd=yes
ac_cv_objext=o
ac_cv_path_EGREP='/usr/bin/grep -E'
ac_cv_path_FASTJETBIN=/cvmfs/sft.cern.ch/lcg/views/LCG_94/x86_64-slc6-gcc7-opt/bin/fastjet-config
ac_cv_path_FGREP='/usr/bin/grep -F'
ac_cv_path_GREP=/usr/bin/grep
ac_cv_path_LHAPDFBIN=/cvmfs/sft.cern.ch/lcg/views/LCG_94/x86_64-slc6-gcc7-opt/bin/lhapdf-config
ac_cv_path_SED=/usr/bin/sed
ac_cv_path_install='/usr/bin/install -c'
ac_cv_path_mkdir=/usr/bin/mkdir
ac_cv_prog_AWK=gawk
ac_cv_prog_CPP='/cvmfs/sft.cern.ch/lcg/releases/gcc/7.3.0-cb1ee/x86_64-slc6/bin/gcc -E'
ac_cv_prog_CXXCPP='/cvmfs/sft.cern.ch/lcg/releases/gcc/7.3.0-cb1ee/x86_64-slc6/bin/g++ -E'
ac_cv_prog_DOT=dot
ac_cv_prog_DOXYGEN=doxygen
ac_cv_prog_PDFLATEX=pdflatex
ac_cv_prog_ac_ct_AR=ar
ac_cv_prog_ac_ct_CC=/cvmfs/sft.cern.ch/lcg/releases/gcc/7.3.0-cb1ee/x86_64-slc6/bin/gcc
ac_cv_prog_ac_ct_F77=gfortran
ac_cv_prog_ac_ct_OBJDUMP=objdump
ac_cv_prog_ac_ct_RANLIB=ranlib
ac_cv_prog_ac_ct_STRIP=strip
ac_cv_prog_cc_c89=
ac_cv_prog_cc_g=yes
ac_cv_prog_cxx_g=yes
ac_cv_prog_f77_g=yes
ac_cv_prog_f77_v=-v
ac_cv_prog_fc_g=yes
ac_cv_prog_make_make_set=yes
ac_cv_type__Bool=yes
am_cv_CC_dependencies_compiler_type=gcc3
am_cv_CXX_dependencies_compiler_type=gcc3
am_cv_make_support_nested_variables=yes
am_cv_prog_tar_ustar=gnutar
ax_cv_cxx_compile_cxx11=yes
lt_cv_ar_at_file=@
lt_cv_archive_cmds_need_lc=no
lt_cv_deplibs_check_method=pass_all
lt_cv_dlopen=dlopen
lt_cv_dlopen_libs=-ldl
lt_cv_dlopen_self=yes
lt_cv_dlopen_self_static=yes
lt_cv_file_magic_cmd='$MAGIC_CMD'
lt_cv_file_magic_test_file=
lt_cv_ld_reload_flag=-r
lt_cv_nm_interface='BSD nm'
lt_cv_objdir=.libs
lt_cv_path_LD=/cvmfs/sft.cern.ch/lcg/releases/binutils/2.28-a983d/x86_64-slc6/bin/ld
lt_cv_path_LDCXX='/cvmfs/sft.cern.ch/lcg/releases/binutils/2.28-a983d/x86_64-slc6/bin/ld -m elf_x86_64'
lt_cv_path_NM='/cvmfs/sft.cern.ch/lcg/releases/binutils/2.28-a983d/x86_64-slc6/bin/nm -B'
lt_cv_path_mainfest_tool=no
lt_cv_prog_compiler_c_o=yes
lt_cv_prog_compiler_c_o_CXX=yes
lt_cv_prog_compiler_c_o_F77=yes
lt_cv_prog_compiler_c_o_FC=yes
lt_cv_prog_compiler_pic='-fPIC -DPIC'
lt_cv_prog_compiler_pic_CXX='-fPIC -DPIC'
lt_cv_prog_compiler_pic_F77=-fPIC
lt_cv_prog_compiler_pic_FC=-fPIC
lt_cv_prog_compiler_pic_works=yes
lt_cv_prog_compiler_pic_works_CXX=yes
lt_cv_prog_compiler_pic_works_F77=yes
lt_cv_prog_compiler_pic_works_FC=yes
lt_cv_prog_compiler_rtti_exceptions=no
lt_cv_prog_compiler_static_works=no
lt_cv_prog_compiler_static_works_CXX=no
lt_cv_prog_compiler_static_works_F77=no
lt_cv_prog_compiler_static_works_FC=no
lt_cv_prog_gnu_ld=yes
lt_cv_prog_gnu_ldcxx=yes
lt_cv_sharedlib_from_linklib_cmd='printf %s\n'
lt_cv_shlibpath_overrides_runpath=no
lt_cv_sys_global_symbol_pipe='sed -n -e '\''s/^.*[	 ]\([ABCDGIRSTW][ABCDGIRSTW]*\)[	 ][	 ]*\([_A-Za-z][_A-Za-z0-9]*\)$/\1 \2 \2/p'\'' | sed '\''/ __gnu_lto/d'\'''
lt_cv_sys_global_symbol_to_c_name_address='sed -n -e '\''s/^: \([^ ]*\)[ ]*$/  {\"\1\", (void *) 0},/p'\'' -e '\''s/^[ABCDGIRSTW]* \([^ ]*\) \([^ ]*\)$/  {"\2", (void *) \&\2},/p'\'''
lt_cv_sys_global_symbol_to_c_name_address_lib_prefix='sed -n -e '\''s/^: \([^ ]*\)[ ]*$/  {\"\1\", (void *) 0},/p'\'' -e '\''s/^[ABCDGIRSTW]* \([^ ]*\) \(lib[^ ]*\)$/  {"\2", (void *) \&\2},/p'\'' -e '\''s/^[ABCDGIRSTW]* \([^ ]*\) \([^ ]*\)$/  {"lib\2", (void *) \&\2},/p'\'''
lt_cv_sys_global_symbol_to_cdecl='sed -n -e '\''s/^T .* \(.*\)$/extern int \1();/p'\'' -e '\''s/^[ABCDGIRSTW]* .* \(.*\)$/extern char \1;/p'\'''
lt_cv_sys_max_cmd_len=3458764513820540925
lt_cv_to_host_file_cmd=func_convert_file_noop
lt_cv_to_tool_file_cmd=func_convert_file_noop
zlib_cv_libz=yes
zlib_cv_zlib_h=yes

## ----------------- ##
## Output variables. ##
## ----------------- ##

ACLOCAL='${SHELL} /home/zlebcr/prog/fastProducer/fastnlo/missing aclocal-1.13'
AMDEPBACKSLASH='\'
AMDEP_FALSE='#'
AMDEP_TRUE=''
AMTAR='$${TAR-tar}'
AM_BACKSLASH='\'
AM_DEFAULT_V='$(AM_DEFAULT_VERBOSITY)'
AM_DEFAULT_VERBOSITY='0'
AM_V='$(V)'
AR='ar'
AUTHORS='D. Britzger, T. Kluge, K. Rabbertz, F. Stober, G. Sieber, M. Wobisch'
AUTHORSv14='T. Kluge, K. Rabbertz, M. Wobisch'
AUTHORSv2='D. Britzger, T. Kluge, K. Rabbertz, F. Stober, M. Wobisch'
AUTOCONF='${SHELL} /home/zlebcr/prog/fastProducer/fastnlo/missing autoconf'
AUTOHEADER='${SHELL} /home/zlebcr/prog/fastProducer/fastnlo/missing autoheader'
AUTOMAKE='${SHELL} /home/zlebcr/prog/fastProducer/fastnlo/missing automake-1.13'
AWK='gawk'
CC='/cvmfs/sft.cern.ch/lcg/releases/gcc/7.3.0-cb1ee/x86_64-slc6/bin/gcc'
CCDEPMODE='depmode=gcc3'
CFLAGS='-g -O2'
CPP='/cvmfs/sft.cern.ch/lcg/releases/gcc/7.3.0-cb1ee/x86_64-slc6/bin/gcc -E'
CPPFLAGS=' -I/usr/include -I/usr/include'
CXX='/cvmfs/sft.cern.ch/lcg/releases/gcc/7.3.0-cb1ee/x86_64-slc6/bin/g++'
CXXCPP='/cvmfs/sft.cern.ch/lcg/releases/gcc/7.3.0-cb1ee/x86_64-slc6/bin/g++ -E'
CXXDEPMODE='depmode=gcc3'
CXXFLAGS=' -O3 -g -fopenmp '
CYGPATH_W='echo'
DEFS='-DHAVE_CONFIG_H'
DEPDIR='.deps'
DLLTOOL='false'
DOT='dot'
DOXYGEN=''
DOXYGEN_PAPER_SIZE=''
DSYMUTIL=''
DUMPBIN=''
DVIPDFM=''
DX_COND_chi_FALSE='#'
DX_COND_chi_TRUE=''
DX_COND_chm_FALSE='#'
DX_COND_chm_TRUE=''
DX_COND_doc_FALSE='#'
DX_COND_doc_TRUE=''
DX_COND_dot_FALSE='#'
DX_COND_dot_TRUE=''
DX_COND_html_FALSE='#'
DX_COND_html_TRUE=''
DX_COND_latex_FALSE='#'
DX_COND_latex_TRUE=''
DX_COND_man_FALSE='#'
DX_COND_man_TRUE=''
DX_COND_pdf_FALSE='#'
DX_COND_pdf_TRUE=''
DX_COND_ps_FALSE='#'
DX_COND_ps_TRUE=''
DX_COND_rtf_FALSE='#'
DX_COND_rtf_TRUE=''
DX_COND_xml_FALSE='#'
DX_COND_xml_TRUE=''
DX_CONFIG=''
DX_DOCDIR=''
DX_DOT=''
DX_DOXYGEN=''
DX_DVIPS=''
DX_EGREP=''
DX_ENV=''
DX_FLAG_chi=''
DX_FLAG_chm=''
DX_FLAG_doc=''
DX_FLAG_dot=''
DX_FLAG_html=''
DX_FLAG_man=''
DX_FLAG_pdf=''
DX_FLAG_ps=''
DX_FLAG_rtf=''
DX_FLAG_xml=''
DX_HHC=''
DX_LATEX=''
DX_MAKEINDEX=''
DX_PDFLATEX=''
DX_PERL=''
DX_PROJECT=''
ECHO_C=''
ECHO_N='-n'
ECHO_T=''
EGREP='/usr/bin/grep -E'
ENABLE_PYEXT_FALSE=''
ENABLE_PYEXT_TRUE='#'
EPSTOPDF=''
EXEEXT=''
F77='gfortran'
FASTJET=''
FASTJETBIN='/cvmfs/sft.cern.ch/lcg/views/LCG_94/x86_64-slc6-gcc7-opt/bin/fastjet-config'
FASTJETBINPATH='/cvmfs/sft.cern.ch/lcg/releases/fastjet/3.3.0-e4cac/x86_64-slc6-gcc7-opt/bin'
FASTJETINCLUDEPATH='/cvmfs/sft.cern.ch/lcg/releases/fastjet/3.3.0-e4cac/x86_64-slc6-gcc7-opt/include'
FASTJETLIBPATH='/cvmfs/sft.cern.ch/lcg/releases/fastjet/3.3.0-e4cac/x86_64-slc6-gcc7-opt/lib'
FASTJETLIBS='-Wl,-rpath,/cvmfs/sft.cern.ch/lcg/releases/fastjet/3.3.0-e4cac/x86_64-slc6-gcc7-opt/lib -lm -L/cvmfs/sft.cern.ch/lcg/releases/fastjet/3.3.0-e4cac/x86_64-slc6-gcc7-opt/lib -lfastjettools -lfastjet'
FASTJETPREFIX='/cvmfs/sft.cern.ch/lcg/releases/fastjet/3.3.0-e4cac/x86_64-slc6-gcc7-opt'
FASTJETVERSION='3.3.0'
FC='/cvmfs/sft.cern.ch/lcg/releases/gcc/7.3.0-cb1ee/x86_64-slc6/bin/gfortran'
FCFLAGS='-g -O2'
FFLAGS='-g -O2'
FGREP='/usr/bin/grep -F'
FLIBS=' -L/cvmfs/sft.cern.ch/lcg/releases/gcc/7.3.0-cb1ee/x86_64-slc6/bin/../lib/gcc/x86_64-pc-linux-gnu/7.3.0 -L/cvmfs/sft.cern.ch/lcg/releases/gcc/7.3.0-cb1ee/x86_64-slc6/bin/../lib/gcc -L/cvmfs/sft.cern.ch/lcg/releases/gcc/7.3.0-cb1ee/x86_64-slc6/bin/../lib/gcc/x86_64-pc-linux-gnu/7.3.0/../../../../lib64 -L/lib/../lib64 -L/usr/lib/../lib64 -L/cvmfs/sft.cern.ch/lcg/releases/gcc/7.3.0-cb1ee/x86_64-slc6/bin/../lib/gcc/x86_64-pc-linux-gnu/7.3.0/../../.. -lgfortran -lm -lquadmath'
GITREV=''
GREP='/usr/bin/grep'
HAVE_CXX11='1'
HAVE_DOXYGEN_FALSE=''
HAVE_DOXYGEN_TRUE='#'
HAVE_EPSTOPDF_FALSE=''
HAVE_EPSTOPDF_TRUE='#'
HAVE_FASTJETCONFIG_FALSE='#'
HAVE_FASTJETCONFIG_TRUE=''
HAVE_FASTJET_FALSE='#'
HAVE_FASTJET_TRUE=''
HAVE_HOPPET_FALSE=''
HAVE_HOPPET_TRUE='#'
HAVE_LATEXDVIPDFM_FALSE=''
HAVE_LATEXDVIPDFM_TRUE='#'
HAVE_LHAPDFCONFIG_FALSE='#'
HAVE_LHAPDFCONFIG_TRUE=''
HAVE_LHAPDF_FALSE='#'
HAVE_LHAPDF_TRUE=''
HAVE_LIBZ_FALSE='#'
HAVE_LIBZ_TRUE=''
HAVE_PDFLATEX_FALSE='#'
HAVE_PDFLATEX_TRUE=''
HAVE_QCDNUM_FALSE=''
HAVE_QCDNUM_TRUE='#'
HAVE_ROOT_FALSE=''
HAVE_ROOT_TRUE='#'
HAVE_YODA_FALSE=''
HAVE_YODA_TRUE='#'
HOPPET=''
HOPPETBIN=''
HOPPETBINPATH=''
HOPPETCXXFLAGS=''
HOPPETINCLUDEPATH=''
HOPPETLDFLAGS=''
HOPPETLIBPATH=''
HOPPETPREFIX=''
INSTALL_DATA='${INSTALL} -m 644'
INSTALL_PROGRAM='${INSTALL}'
INSTALL_SCRIPT='${INSTALL}'
INSTALL_STRIP_PROGRAM='$(install_sh) -c -s'
LATEX=''
LD='/cvmfs/sft.cern.ch/lcg/releases/binutils/2.28-a983d/x86_64-slc6/bin/ld -m elf_x86_64'
LDFLAGS=' -L/usr/lib -L/usr/lib'
LHAPDF='/cvmfs/sft.cern.ch/lcg/views/LCG_94/x86_64-slc6-gcc7-opt'
LHAPDFBIN='/cvmfs/sft.cern.ch/lcg/views/LCG_94/x86_64-slc6-gcc7-opt/bin/lhapdf-config'
LHAPDFBINPATH='/cvmfs/sft.cern.ch/lcg/releases/MCGenerators/lhapdf/6.2.1-c9645/x86_64-slc6-gcc7-opt/bin'
LHAPDFINCLUDEPATH='/cvmfs/sft.cern.ch/lcg/releases/MCGenerators/lhapdf/6.2.1-c9645/x86_64-slc6-gcc7-opt/include'
LHAPDFLIBPATH='/cvmfs/sft.cern.ch/lcg/releases/MCGenerators/lhapdf/6.2.1-c9645/x86_64-slc6-gcc7-opt/lib'
LHAPDFPREFIX='/cvmfs/sft.cern.ch/lcg/releases/MCGenerators/lhapdf/6.2.1-c9645/x86_64-slc6-gcc7-opt'
LHAPDFSETPATH='/cvmfs/sft.cern.ch/lcg/releases/MCGenerators/lhapdf/6.2.1-c9645/x86_64-slc6-gcc7-opt/share/LHAPDF'
LHAPDFVERSION='6.2.1'
LIBOBJS=''
LIBS='-lz '
LIBTOOL='$(SHELL) $(top_builddir)/libtool'
LIPO=''
LN_S='ln -s'
LTLIBOBJS=''
MAKEINFO='${SHELL} /home/zlebcr/prog/fastProducer/fastnlo/missing makeinfo'
MANIFEST_TOOL=':'
MKDIR_P='/usr/bin/mkdir -p'
NM='/cvmfs/sft.cern.ch/lcg/releases/binutils/2.28-a983d/x86_64-slc6/bin/nm -B'
NMEDIT=''
OBJDUMP='objdump'
OBJEXT='o'
OTOOL64=''
OTOOL=''
PACKAGE='fastnlo_toolkit'
PACKAGE_BUGREPORT='daniel.britzger@desy.de,klaus.rabbertz@cern.ch,g.sieber@cern.ch,stober@cern.ch,wobisch@fnal.gov'
PACKAGE_NAME='fastNLO_toolkit'
PACKAGE_STRING='fastNLO_toolkit 2.3.1'
PACKAGE_TARNAME='fastnlo_toolkit'
PACKAGE_URL=''
PACKAGE_VERSION='2.3.1'
PATH_SEPARATOR=':'
PDFLATEX='pdflatex'
PYTHON=''
PYTHON_CPPFLAGS=''
PYTHON_EXEC_PREFIX=''
PYTHON_EXTRA_LDFLAGS=''
PYTHON_EXTRA_LIBS=''
PYTHON_LDFLAGS=''
PYTHON_PLATFORM=''
PYTHON_PREFIX=''
PYTHON_SITE_PKG=''
PYTHON_VERSION=''
QCDNUM=''
QCDNUMBIN=''
QCDNUMBINPATH=''
QCDNUMINCLUDEPATH=''
QCDNUMLDFLAGS=''
QCDNUMLIBPATH=''
QCDNUMPREFIX=''
QCDNUMVERSION=''
QUOTEv14='hep-ph/0609285'
QUOTEv2='arXiv:1109.1310'
RANLIB='ranlib'
ROOTBIN=''
ROOTBINPATH=''
ROOTCPPFLAGS=''
ROOTCXXFLAGS=''
ROOTINCLUDEPATH=''
ROOTLDFLAGS=''
ROOTLIBPATH=''
ROOTPREFIX=''
ROOTSYS='/cvmfs/sft.cern.ch/lcg/releases/ROOT/6.14.04-0d8dc/x86_64-slc6-gcc7-opt'
ROOTVERSION=''
SED='/usr/bin/sed'
SET_MAKE=''
SHELL='/bin/sh'
STRIP='strip'
SUBPROJECT='toolkit'
SWIG=''
TMPNAM='ROOT'
VERSION='2.3.1'
WEBPAGE='http://projects.hepforge.org/fastnlo'
YEARS='2005-2019'
YODA=''
YODABIN=''
YODABINPATH=''
YODACPPFLAGS=''
YODAINCLUDEPATH=''
YODALDFLAGS=''
YODALIBPATH=''
YODAPREFIX=''
YODAVERSION=''
ac_ct_AR='ar'
ac_ct_CC='/cvmfs/sft.cern.ch/lcg/releases/gcc/7.3.0-cb1ee/x86_64-slc6/bin/gcc'
ac_ct_CXX=''
ac_ct_DUMPBIN=''
ac_ct_F77='gfortran'
ac_ct_FC=''
am__EXEEXT_FALSE=''
am__EXEEXT_TRUE='#'
am__fastdepCC_FALSE='#'
am__fastdepCC_TRUE=''
am__fastdepCXX_FALSE='#'
am__fastdepCXX_TRUE=''
am__include='include'
am__isrc=''
am__leading_dot='.'
am__nodep='_no'
am__quote=''
am__tar='tar --format=ustar -chf - "$$tardir"'
am__untar='tar -xf -'
bindir='${exec_prefix}/bin'
build='x86_64-unknown-linux-gnu'
build_alias=''
build_cpu='x86_64'
build_os='linux-gnu'
build_vendor='unknown'
datadir='${datarootdir}'
datarootdir='${prefix}/share'
docdir='${datarootdir}/doc/${PACKAGE_TARNAME}'
dvidir='${docdir}'
exec_prefix='${prefix}'
host='x86_64-unknown-linux-gnu'
host_alias=''
host_cpu='x86_64'
host_os='linux-gnu'
host_vendor='unknown'
htmldir='${docdir}'
includedir='${prefix}/include'
infodir='${datarootdir}/info'
install_sh='${SHELL} /home/zlebcr/prog/fastProducer/fastnlo/install-sh'
libdir='${exec_prefix}/lib'
libexecdir='${exec_prefix}/libexec'
localedir='${datarootdir}/locale'
localstatedir='${prefix}/var'
mandir='${datarootdir}/man'
mkdir_p='$(MKDIR_P)'
oldincludedir='/usr/include'
pdfdir='${docdir}'
pkgpyexecdir=''
pkgpythondir=''
prefix='/home/zlebcr/prog/fastProducer/fastnloBuild'
program_transform_name='s,x,x,'
psdir='${docdir}'
pyexecdir=''
pythondir=''
sbindir='${exec_prefix}/sbin'
sharedstatedir='${prefix}/com'
sysconfdir='${prefix}/etc'
target_alias=''

## ----------- ##
## confdefs.h. ##
## ----------- ##

/* confdefs.h */
#define PACKAGE_NAME "fastNLO_toolkit"
#define PACKAGE_TARNAME "fastnlo_toolkit"
#define PACKAGE_VERSION "2.3.1"
#define PACKAGE_STRING "fastNLO_toolkit 2.3.1"
#define PACKAGE_BUGREPORT "daniel.britzger@desy.de,klaus.rabbertz@cern.ch,g.sieber@cern.ch,stober@cern.ch,wobisch@fnal.gov"
#define PACKAGE_URL ""
#define PACKAGE "fastnlo_toolkit"
#define VERSION "2.3.1"
#define STDC_HEADERS 1
#define HAVE_SYS_TYPES_H 1
#define HAVE_SYS_STAT_H 1
#define HAVE_STDLIB_H 1
#define HAVE_STRING_H 1
#define HAVE_MEMORY_H 1
#define HAVE_STRINGS_H 1
#define HAVE_INTTYPES_H 1
#define HAVE_STDINT_H 1
#define HAVE_UNISTD_H 1
#define HAVE_DLFCN_H 1
#define LT_OBJDIR ".libs/"
#define HAVE_LIBZ 1
#define HAVE__BOOL 1
#define HAVE_STDBOOL_H 1
#define HAVE_CXX11 1
#define HAVE_MEMSET 1
#define HAVE_STRSTR 1
#define WITH_FASTJET 1

configure: exit 0
